{"meta": {"format": 3, "version": "7.13.0", "timestamp": "2025-12-23T20:57:03.742175", "branch_coverage": false, "show_contexts": false}, "files": {"app/__init__.py": {"executed_lines": [0], "summary": {"covered_lines": 0, "num_statements": 0, "percent_covered": 100.0, "percent_covered_display": "100", "missing_lines": 0, "excluded_lines": 0, "percent_statements_covered": 100.0, "percent_statements_covered_display": "100"}, "missing_lines": [], "excluded_lines": [], "functions": {"": {"executed_lines": [], "summary": {"covered_lines": 0, "num_statements": 0, "percent_covered": 100.0, "percent_covered_display": "100", "missing_lines": 0, "excluded_lines": 0, "percent_statements_covered": 100.0, "percent_statements_covered_display": "100"}, "missing_lines": [], "excluded_lines": []}}, "classes": {"": {"executed_lines": [], "summary": {"covered_lines": 0, "num_statements": 0, "percent_covered": 100.0, "percent_covered_display": "100", "missing_lines": 0, "excluded_lines": 0, "percent_statements_covered": 100.0, "percent_statements_covered_display": "100"}, "missing_lines": [], "excluded_lines": []}}}, "app/config.py": {"executed_lines": [1, 2, 5, 6, 7, 8, 9, 11, 12, 13, 15, 16, 17, 19, 20, 21, 22, 23, 24, 25, 26, 27, 32, 39], "summary": {"covered_lines": 24, "num_statements": 24, "percent_covered": 100.0, "percent_covered_display": "100", "missing_lines": 0, "excluded_lines": 0, "percent_statements_covered": 100.0, "percent_statements_covered_display": "100"}, "missing_lines": [], "excluded_lines": [], "functions": {"": {"executed_lines": [1, 2, 5, 6, 7, 8, 9, 11, 12, 13, 15, 16, 17, 19, 20, 21, 22, 23, 24, 25, 26, 27, 32, 39], "summary": {"covered_lines": 24, "num_statements": 24, "percent_covered": 100.0, "percent_covered_display": "100", "missing_lines": 0, "excluded_lines": 0, "percent_statements_covered": 100.0, "percent_statements_covered_display": "100"}, "missing_lines": [], "excluded_lines": []}}, "classes": {"AppSettings": {"executed_lines": [], "summary": {"covered_lines": 0, "num_statements": 0, "percent_covered": 100.0, "percent_covered_display": "100", "missing_lines": 0, "excluded_lines": 0, "percent_statements_covered": 100.0, "percent_statements_covered_display": "100"}, "missing_lines": [], "excluded_lines": []}, "": {"executed_lines": [1, 2, 5, 6, 7, 8, 9, 11, 12, 13, 15, 16, 17, 19, 20, 21, 22, 23, 24, 25, 26, 27, 32, 39], "summary": {"covered_lines": 24, "num_statements": 24, "percent_covered": 100.0, "percent_covered_display": "100", "missing_lines": 0, "excluded_lines": 0, "percent_statements_covered": 100.0, "percent_statements_covered_display": "100"}, "missing_lines": [], "excluded_lines": []}}}, "app/dependencies.py": {"executed_lines": [1, 3, 4, 7, 8, 9, 10, 11, 14, 15, 16, 17, 18], "summary": {"covered_lines": 13, "num_statements": 13, "percent_covered": 100.0, "percent_covered_display": "100", "missing_lines": 0, "excluded_lines": 0, "percent_statements_covered": 100.0, "percent_statements_covered_display": "100"}, "missing_lines": [], "excluded_lines": [], "functions": {"RequireUser": {"executed_lines": [8, 9, 10, 11], "summary": {"covered_lines": 4, "num_statements": 4, "percent_covered": 100.0, "percent_covered_display": "100", "missing_lines": 0, "excluded_lines": 0, "percent_statements_covered": 100.0, "percent_statements_covered_display": "100"}, "missing_lines": [], "excluded_lines": []}, "RequireAdmin": {"executed_lines": [15, 16, 17, 18], "summary": {"covered_lines": 4, "num_statements": 4, "percent_covered": 100.0, "percent_covered_display": "100", "missing_lines": 0, "excluded_lines": 0, "percent_statements_covered": 100.0, "percent_statements_covered_display": "100"}, "missing_lines": [], "excluded_lines": []}, "": {"executed_lines": [1, 3, 4, 7, 14], "summary": {"covered_lines": 5, "num_statements": 5, "percent_covered": 100.0, "percent_covered_display": "100", "missing_lines": 0, "excluded_lines": 0, "percent_statements_covered": 100.0, "percent_statements_covered_display": "100"}, "missing_lines": [], "excluded_lines": []}}, "classes": {"": {"executed_lines": [1, 3, 4, 7, 8, 9, 10, 11, 14, 15, 16, 17, 18], "summary": {"covered_lines": 13, "num_statements": 13, "percent_covered": 100.0, "percent_covered_display": "100", "missing_lines": 0, "excluded_lines": 0, "percent_statements_covered": 100.0, "percent_statements_covered_display": "100"}, "missing_lines": [], "excluded_lines": []}}}, "app/main.py": {"executed_lines": [1, 2, 4, 5, 6, 7, 8, 10, 11, 22, 23, 24, 26, 27, 28, 29, 30, 31, 33, 34, 37, 39, 48, 56, 57, 58, 59, 60, 61, 62, 63, 64, 66, 67, 83, 84, 85], "summary": {"covered_lines": 37, "num_statements": 49, "percent_covered": 75.51020408163265, "percent_covered_display": "76", "missing_lines": 12, "excluded_lines": 0, "percent_statements_covered": 75.51020408163265, "percent_statements_covered_display": "76"}, "missing_lines": [68, 69, 70, 72, 73, 74, 76, 77, 78, 79, 80, 81], "excluded_lines": [], "functions": {"Lifespan": {"executed_lines": [28, 29, 30, 31, 33, 34], "summary": {"covered_lines": 6, "num_statements": 6, "percent_covered": 100.0, "percent_covered_display": "100", "missing_lines": 0, "excluded_lines": 0, "percent_statements_covered": 100.0, "percent_statements_covered_display": "100"}, "missing_lines": [], "excluded_lines": []}, "ServeFrontend": {"executed_lines": [], "summary": {"covered_lines": 0, "num_statements": 1, "percent_covered": 0.0, "percent_covered_display": "0", "missing_lines": 1, "excluded_lines": 0, "percent_statements_covered": 0.0, "percent_statements_covered_display": "0"}, "missing_lines": [74], "excluded_lines": []}, "CatchAll": {"executed_lines": [], "summary": {"covered_lines": 0, "num_statements": 4, "percent_covered": 0.0, "percent_covered_display": "0", "missing_lines": 4, "excluded_lines": 0, "percent_statements_covered": 0.0, "percent_statements_covered_display": "0"}, "missing_lines": [78, 79, 80, 81], "excluded_lines": []}, "": {"executed_lines": [1, 2, 4, 5, 6, 7, 8, 10, 11, 22, 23, 24, 26, 27, 37, 39, 48, 56, 57, 58, 59, 60, 61, 62, 63, 64, 66, 67, 83, 84, 85], "summary": {"covered_lines": 31, "num_statements": 38, "percent_covered": 81.57894736842105, "percent_covered_display": "82", "missing_lines": 7, "excluded_lines": 0, "percent_statements_covered": 81.57894736842105, "percent_statements_covered_display": "82"}, "missing_lines": [68, 69, 70, 72, 73, 76, 77], "excluded_lines": []}}, "classes": {"": {"executed_lines": [1, 2, 4, 5, 6, 7, 8, 10, 11, 22, 23, 24, 26, 27, 28, 29, 30, 31, 33, 34, 37, 39, 48, 56, 57, 58, 59, 60, 61, 62, 63, 64, 66, 67, 83, 84, 85], "summary": {"covered_lines": 37, "num_statements": 49, "percent_covered": 75.51020408163265, "percent_covered_display": "76", "missing_lines": 12, "excluded_lines": 0, "percent_statements_covered": 75.51020408163265, "percent_statements_covered_display": "76"}, "missing_lines": [68, 69, 70, 72, 73, 74, 76, 77, 78, 79, 80, 81], "excluded_lines": []}}}, "app/models/__init__.py": {"executed_lines": [0], "summary": {"covered_lines": 0, "num_statements": 0, "percent_covered": 100.0, "percent_covered_display": "100", "missing_lines": 0, "excluded_lines": 0, "percent_statements_covered": 100.0, "percent_statements_covered_display": "100"}, "missing_lines": [], "excluded_lines": [], "functions": {"": {"executed_lines": [], "summary": {"covered_lines": 0, "num_statements": 0, "percent_covered": 100.0, "percent_covered_display": "100", "missing_lines": 0, "excluded_lines": 0, "percent_statements_covered": 100.0, "percent_statements_covered_display": "100"}, "missing_lines": [], "excluded_lines": []}}, "classes": {"": {"executed_lines": [], "summary": {"covered_lines": 0, "num_statements": 0, "percent_covered": 100.0, "percent_covered_display": "100", "missing_lines": 0, "excluded_lines": 0, "percent_statements_covered": 100.0, "percent_statements_covered_display": "100"}, "missing_lines": [], "excluded_lines": []}}}, "app/models/schemas.py": {"executed_lines": [1, 2, 4, 7, 8, 9, 10, 11, 12, 15, 16, 17, 18, 19, 20, 21, 22, 23, 24, 27, 28, 29, 30, 31, 32, 35, 36, 37, 38, 39, 40, 41, 42, 43, 44, 47, 48, 49, 50, 51, 52, 53, 54, 55, 56, 57, 58, 59, 60, 63, 64, 65, 66, 67, 68, 71, 72, 73, 76, 77, 78, 79, 80, 81, 82, 85, 86, 87, 88, 89, 90, 91, 92, 95, 96, 97, 98, 99, 100, 103, 104, 105, 106, 109, 110, 111, 112, 113, 114, 117, 118, 119, 120, 123, 124, 127, 128, 129, 132, 133, 134, 137, 138, 139, 140, 141, 142, 145, 146, 149, 150, 151, 152, 153, 156, 157, 160, 161, 162, 163, 166, 167, 168, 171, 172, 173, 174, 175, 176, 177, 178, 181, 182, 183, 184, 185, 186, 187, 190, 191, 192, 193, 194, 197, 198, 199, 202, 203, 204, 205, 206, 207, 208, 209, 212, 213, 214, 215, 216, 217, 220, 221, 222, 223, 224, 225, 228, 229, 232, 233, 236, 237, 238, 239, 242, 243, 244, 245, 246, 247, 248, 249, 250, 251, 254, 255, 256, 259, 260, 263, 264, 265, 266, 267, 268, 271, 272, 273, 276, 277, 280, 281], "summary": {"covered_lines": 202, "num_statements": 202, "percent_covered": 100.0, "percent_covered_display": "100", "missing_lines": 0, "excluded_lines": 0, "percent_statements_covered": 100.0, "percent_statements_covered_display": "100"}, "missing_lines": [], "excluded_lines": [], "functions": {"": {"executed_lines": [1, 2, 4, 7, 8, 9, 10, 11, 12, 15, 16, 17, 18, 19, 20, 21, 22, 23, 24, 27, 28, 29, 30, 31, 32, 35, 36, 37, 38, 39, 40, 41, 42, 43, 44, 47, 48, 49, 50, 51, 52, 53, 54, 55, 56, 57, 58, 59, 60, 63, 64, 65, 66, 67, 68, 71, 72, 73, 76, 77, 78, 79, 80, 81, 82, 85, 86, 87, 88, 89, 90, 91, 92, 95, 96, 97, 98, 99, 100, 103, 104, 105, 106, 109, 110, 111, 112, 113, 114, 117, 118, 119, 120, 123, 124, 127, 128, 129, 132, 133, 134, 137, 138, 139, 140, 141, 142, 145, 146, 149, 150, 151, 152, 153, 156, 157, 160, 161, 162, 163, 166, 167, 168, 171, 172, 173, 174, 175, 176, 177, 178, 181, 182, 183, 184, 185, 186, 187, 190, 191, 192, 193, 194, 197, 198, 199, 202, 203, 204, 205, 206, 207, 208, 209, 212, 213, 214, 215, 216, 217, 220, 221, 222, 223, 224, 225, 228, 229, 232, 233, 236, 237, 238, 239, 242, 243, 244, 245, 246, 247, 248, 249, 250, 251, 254, 255, 256, 259, 260, 263, 264, 265, 266, 267, 268, 271, 272, 273, 276, 277, 280, 281], "summary": {"covered_lines": 202, "num_statements": 202, "percent_covered": 100.0, "percent_covered_display": "100", "missing_lines": 0, "excluded_lines": 0, "percent_statements_covered": 100.0, "percent_statements_covered_display": "100"}, "missing_lines": [], "excluded_lines": []}}, "classes": {"MealType": {"executed_lines": [], "summary": {"covered_lines": 0, "num_statements": 0, "percent_covered": 100.0, "percent_covered_display": "100", "missing_lines": 0, "excluded_lines": 0, "percent_statements_covered": 100.0, "percent_statements_covered_display": "100"}, "missing_lines": [], "excluded_lines": []}, "Food": {"executed_lines": [], "summary": {"covered_lines": 0, "num_statements": 0, "percent_covered": 100.0, "percent_covered_display": "100", "missing_lines": 0, "excluded_lines": 0, "percent_statements_covered": 100.0, "percent_statements_covered_display": "100"}, "missing_lines": [], "excluded_lines": []}, "DailyLog": {"executed_lines": [], "summary": {"covered_lines": 0, "num_statements": 0, "percent_covered": 100.0, "percent_covered_display": "100", "missing_lines": 0, "excluded_lines": 0, "percent_statements_covered": 100.0, "percent_statements_covered_display": "100"}, "missing_lines": [], "excluded_lines": []}, "MealEntry": {"executed_lines": [], "summary": {"covered_lines": 0, "num_statements": 0, "percent_covered": 100.0, "percent_covered_display": "100", "missing_lines": 0, "excluded_lines": 0, "percent_statements_covered": 100.0, "percent_statements_covered_display": "100"}, "missing_lines": [], "excluded_lines": []}, "MealEntryWithFood": {"executed_lines": [], "summary": {"covered_lines": 0, "num_statements": 0, "percent_covered": 100.0, "percent_covered_display": "100", "missing_lines": 0, "excluded_lines": 0, "percent_statements_covered": 100.0, "percent_statements_covered_display": "100"}, "missing_lines": [], "excluded_lines": []}, "Targets": {"executed_lines": [], "summary": {"covered_lines": 0, "num_statements": 0, "percent_covered": 100.0, "percent_covered_display": "100", "missing_lines": 0, "excluded_lines": 0, "percent_statements_covered": 100.0, "percent_statements_covered_display": "100"}, "missing_lines": [], "excluded_lines": []}, "UserSettings": {"executed_lines": [], "summary": {"covered_lines": 0, "num_statements": 0, "percent_covered": 100.0, "percent_covered_display": "100", "missing_lines": 0, "excluded_lines": 0, "percent_statements_covered": 100.0, "percent_statements_covered_display": "100"}, "missing_lines": [], "excluded_lines": []}, "UpdateSettingsInput": {"executed_lines": [], "summary": {"covered_lines": 0, "num_statements": 0, "percent_covered": 100.0, "percent_covered_display": "100", "missing_lines": 0, "excluded_lines": 0, "percent_statements_covered": 100.0, "percent_statements_covered_display": "100"}, "missing_lines": [], "excluded_lines": []}, "DailyTotals": {"executed_lines": [], "summary": {"covered_lines": 0, "num_statements": 0, "percent_covered": 100.0, "percent_covered_display": "100", "missing_lines": 0, "excluded_lines": 0, "percent_statements_covered": 100.0, "percent_statements_covered_display": "100"}, "missing_lines": [], "excluded_lines": []}, "DailySummary": {"executed_lines": [], "summary": {"covered_lines": 0, "num_statements": 0, "percent_covered": 100.0, "percent_covered_display": "100", "missing_lines": 0, "excluded_lines": 0, "percent_statements_covered": 100.0, "percent_statements_covered_display": "100"}, "missing_lines": [], "excluded_lines": []}, "WeeklySummary": {"executed_lines": [], "summary": {"covered_lines": 0, "num_statements": 0, "percent_covered": 100.0, "percent_covered_display": "100", "missing_lines": 0, "excluded_lines": 0, "percent_statements_covered": 100.0, "percent_statements_covered_display": "100"}, "missing_lines": [], "excluded_lines": []}, "User": {"executed_lines": [], "summary": {"covered_lines": 0, "num_statements": 0, "percent_covered": 100.0, "percent_covered_display": "100", "missing_lines": 0, "excluded_lines": 0, "percent_statements_covered": 100.0, "percent_statements_covered_display": "100"}, "missing_lines": [], "excluded_lines": []}, "Suggestion": {"executed_lines": [], "summary": {"covered_lines": 0, "num_statements": 0, "percent_covered": 100.0, "percent_covered_display": "100", "missing_lines": 0, "excluded_lines": 0, "percent_statements_covered": 100.0, "percent_statements_covered_display": "100"}, "missing_lines": [], "excluded_lines": []}, "SuggestionsResponse": {"executed_lines": [], "summary": {"covered_lines": 0, "num_statements": 0, "percent_covered": 100.0, "percent_covered_display": "100", "missing_lines": 0, "excluded_lines": 0, "percent_statements_covered": 100.0, "percent_statements_covered_display": "100"}, "missing_lines": [], "excluded_lines": []}, "DailyLogWithEntries": {"executed_lines": [], "summary": {"covered_lines": 0, "num_statements": 0, "percent_covered": 100.0, "percent_covered_display": "100", "missing_lines": 0, "excluded_lines": 0, "percent_statements_covered": 100.0, "percent_statements_covered_display": "100"}, "missing_lines": [], "excluded_lines": []}, "SuggestionsInput": {"executed_lines": [], "summary": {"covered_lines": 0, "num_statements": 0, "percent_covered": 100.0, "percent_covered_display": "100", "missing_lines": 0, "excluded_lines": 0, "percent_statements_covered": 100.0, "percent_statements_covered_display": "100"}, "missing_lines": [], "excluded_lines": []}, "RegisterUserInput": {"executed_lines": [], "summary": {"covered_lines": 0, "num_statements": 0, "percent_covered": 100.0, "percent_covered_display": "100", "missing_lines": 0, "excluded_lines": 0, "percent_statements_covered": 100.0, "percent_statements_covered_display": "100"}, "missing_lines": [], "excluded_lines": []}, "InviteCreateInput": {"executed_lines": [], "summary": {"covered_lines": 0, "num_statements": 0, "percent_covered": 100.0, "percent_covered_display": "100", "missing_lines": 0, "excluded_lines": 0, "percent_statements_covered": 100.0, "percent_statements_covered_display": "100"}, "missing_lines": [], "excluded_lines": []}, "InviteResponse": {"executed_lines": [], "summary": {"covered_lines": 0, "num_statements": 0, "percent_covered": 100.0, "percent_covered_display": "100", "missing_lines": 0, "excluded_lines": 0, "percent_statements_covered": 100.0, "percent_statements_covered_display": "100"}, "missing_lines": [], "excluded_lines": []}, "InviteCompleteInput": {"executed_lines": [], "summary": {"covered_lines": 0, "num_statements": 0, "percent_covered": 100.0, "percent_covered_display": "100", "missing_lines": 0, "excluded_lines": 0, "percent_statements_covered": 100.0, "percent_statements_covered_display": "100"}, "missing_lines": [], "excluded_lines": []}, "PendingGoogleInviteResponse": {"executed_lines": [], "summary": {"covered_lines": 0, "num_statements": 0, "percent_covered": 100.0, "percent_covered_display": "100", "missing_lines": 0, "excluded_lines": 0, "percent_statements_covered": 100.0, "percent_statements_covered_display": "100"}, "missing_lines": [], "excluded_lines": []}, "LoginInput": {"executed_lines": [], "summary": {"covered_lines": 0, "num_statements": 0, "percent_covered": 100.0, "percent_covered_display": "100", "missing_lines": 0, "excluded_lines": 0, "percent_statements_covered": 100.0, "percent_statements_covered_display": "100"}, "missing_lines": [], "excluded_lines": []}, "CreateFoodInput": {"executed_lines": [], "summary": {"covered_lines": 0, "num_statements": 0, "percent_covered": 100.0, "percent_covered_display": "100", "missing_lines": 0, "excluded_lines": 0, "percent_statements_covered": 100.0, "percent_statements_covered_display": "100"}, "missing_lines": [], "excluded_lines": []}, "UpdateFoodInput": {"executed_lines": [], "summary": {"covered_lines": 0, "num_statements": 0, "percent_covered": 100.0, "percent_covered_display": "100", "missing_lines": 0, "excluded_lines": 0, "percent_statements_covered": 100.0, "percent_statements_covered_display": "100"}, "missing_lines": [], "excluded_lines": []}, "CreateDailyLogInput": {"executed_lines": [], "summary": {"covered_lines": 0, "num_statements": 0, "percent_covered": 100.0, "percent_covered_display": "100", "missing_lines": 0, "excluded_lines": 0, "percent_statements_covered": 100.0, "percent_statements_covered_display": "100"}, "missing_lines": [], "excluded_lines": []}, "StepUpdateInput": {"executed_lines": [], "summary": {"covered_lines": 0, "num_statements": 0, "percent_covered": 100.0, "percent_covered_display": "100", "missing_lines": 0, "excluded_lines": 0, "percent_statements_covered": 100.0, "percent_statements_covered_display": "100"}, "missing_lines": [], "excluded_lines": []}, "CreateMealEntryInput": {"executed_lines": [], "summary": {"covered_lines": 0, "num_statements": 0, "percent_covered": 100.0, "percent_covered_display": "100", "missing_lines": 0, "excluded_lines": 0, "percent_statements_covered": 100.0, "percent_statements_covered_display": "100"}, "missing_lines": [], "excluded_lines": []}, "ScheduleSlot": {"executed_lines": [], "summary": {"covered_lines": 0, "num_statements": 0, "percent_covered": 100.0, "percent_covered_display": "100", "missing_lines": 0, "excluded_lines": 0, "percent_statements_covered": 100.0, "percent_statements_covered_display": "100"}, "missing_lines": [], "excluded_lines": []}, "ScheduleSlotInput": {"executed_lines": [], "summary": {"covered_lines": 0, "num_statements": 0, "percent_covered": 100.0, "percent_covered_display": "100", "missing_lines": 0, "excluded_lines": 0, "percent_statements_covered": 100.0, "percent_statements_covered_display": "100"}, "missing_lines": [], "excluded_lines": []}, "ScheduleSlotsResponse": {"executed_lines": [], "summary": {"covered_lines": 0, "num_statements": 0, "percent_covered": 100.0, "percent_covered_display": "100", "missing_lines": 0, "excluded_lines": 0, "percent_statements_covered": 100.0, "percent_statements_covered_display": "100"}, "missing_lines": [], "excluded_lines": []}, "ScheduleSlotsUpdateInput": {"executed_lines": [], "summary": {"covered_lines": 0, "num_statements": 0, "percent_covered": 100.0, "percent_covered_display": "100", "missing_lines": 0, "excluded_lines": 0, "percent_statements_covered": 100.0, "percent_statements_covered_display": "100"}, "missing_lines": [], "excluded_lines": []}, "MealTemplate": {"executed_lines": [], "summary": {"covered_lines": 0, "num_statements": 0, "percent_covered": 100.0, "percent_covered_display": "100", "missing_lines": 0, "excluded_lines": 0, "percent_statements_covered": 100.0, "percent_statements_covered_display": "100"}, "missing_lines": [], "excluded_lines": []}, "MealTemplateItem": {"executed_lines": [], "summary": {"covered_lines": 0, "num_statements": 0, "percent_covered": 100.0, "percent_covered_display": "100", "missing_lines": 0, "excluded_lines": 0, "percent_statements_covered": 100.0, "percent_statements_covered_display": "100"}, "missing_lines": [], "excluded_lines": []}, "MealTemplateWithItems": {"executed_lines": [], "summary": {"covered_lines": 0, "num_statements": 0, "percent_covered": 100.0, "percent_covered_display": "100", "missing_lines": 0, "excluded_lines": 0, "percent_statements_covered": 100.0, "percent_statements_covered_display": "100"}, "missing_lines": [], "excluded_lines": []}, "MealTemplateListResponse": {"executed_lines": [], "summary": {"covered_lines": 0, "num_statements": 0, "percent_covered": 100.0, "percent_covered_display": "100", "missing_lines": 0, "excluded_lines": 0, "percent_statements_covered": 100.0, "percent_statements_covered_display": "100"}, "missing_lines": [], "excluded_lines": []}, "MealTemplateItemInput": {"executed_lines": [], "summary": {"covered_lines": 0, "num_statements": 0, "percent_covered": 100.0, "percent_covered_display": "100", "missing_lines": 0, "excluded_lines": 0, "percent_statements_covered": 100.0, "percent_statements_covered_display": "100"}, "missing_lines": [], "excluded_lines": []}, "CreateMealTemplateInput": {"executed_lines": [], "summary": {"covered_lines": 0, "num_statements": 0, "percent_covered": 100.0, "percent_covered_display": "100", "missing_lines": 0, "excluded_lines": 0, "percent_statements_covered": 100.0, "percent_statements_covered_display": "100"}, "missing_lines": [], "excluded_lines": []}, "ApplyMealTemplateInput": {"executed_lines": [], "summary": {"covered_lines": 0, "num_statements": 0, "percent_covered": 100.0, "percent_covered_display": "100", "missing_lines": 0, "excluded_lines": 0, "percent_statements_covered": 100.0, "percent_statements_covered_display": "100"}, "missing_lines": [], "excluded_lines": []}, "ApplyMealTemplateResponse": {"executed_lines": [], "summary": {"covered_lines": 0, "num_statements": 0, "percent_covered": 100.0, "percent_covered_display": "100", "missing_lines": 0, "excluded_lines": 0, "percent_statements_covered": 100.0, "percent_statements_covered_display": "100"}, "missing_lines": [], "excluded_lines": []}, "": {"executed_lines": [1, 2, 4, 7, 8, 9, 10, 11, 12, 15, 16, 17, 18, 19, 20, 21, 22, 23, 24, 27, 28, 29, 30, 31, 32, 35, 36, 37, 38, 39, 40, 41, 42, 43, 44, 47, 48, 49, 50, 51, 52, 53, 54, 55, 56, 57, 58, 59, 60, 63, 64, 65, 66, 67, 68, 71, 72, 73, 76, 77, 78, 79, 80, 81, 82, 85, 86, 87, 88, 89, 90, 91, 92, 95, 96, 97, 98, 99, 100, 103, 104, 105, 106, 109, 110, 111, 112, 113, 114, 117, 118, 119, 120, 123, 124, 127, 128, 129, 132, 133, 134, 137, 138, 139, 140, 141, 142, 145, 146, 149, 150, 151, 152, 153, 156, 157, 160, 161, 162, 163, 166, 167, 168, 171, 172, 173, 174, 175, 176, 177, 178, 181, 182, 183, 184, 185, 186, 187, 190, 191, 192, 193, 194, 197, 198, 199, 202, 203, 204, 205, 206, 207, 208, 209, 212, 213, 214, 215, 216, 217, 220, 221, 222, 223, 224, 225, 228, 229, 232, 233, 236, 237, 238, 239, 242, 243, 244, 245, 246, 247, 248, 249, 250, 251, 254, 255, 256, 259, 260, 263, 264, 265, 266, 267, 268, 271, 272, 273, 276, 277, 280, 281], "summary": {"covered_lines": 202, "num_statements": 202, "percent_covered": 100.0, "percent_covered_display": "100", "missing_lines": 0, "excluded_lines": 0, "percent_statements_covered": 100.0, "percent_statements_covered_display": "100"}, "missing_lines": [], "excluded_lines": []}}}, "app/routes/__init__.py": {"executed_lines": [1, 2, 3, 4, 5, 6, 7, 8, 9, 11], "summary": {"covered_lines": 10, "num_statements": 10, "percent_covered": 100.0, "percent_covered_display": "100", "missing_lines": 0, "excluded_lines": 0, "percent_statements_covered": 100.0, "percent_statements_covered_display": "100"}, "missing_lines": [], "excluded_lines": [], "functions": {"": {"executed_lines": [1, 2, 3, 4, 5, 6, 7, 8, 9, 11], "summary": {"covered_lines": 10, "num_statements": 10, "percent_covered": 100.0, "percent_covered_display": "100", "missing_lines": 0, "excluded_lines": 0, "percent_statements_covered": 100.0, "percent_statements_covered_display": "100"}, "missing_lines": [], "excluded_lines": []}}, "classes": {"": {"executed_lines": [1, 2, 3, 4, 5, 6, 7, 8, 9, 11], "summary": {"covered_lines": 10, "num_statements": 10, "percent_covered": 100.0, "percent_covered_display": "100", "missing_lines": 0, "excluded_lines": 0, "percent_statements_covered": 100.0, "percent_statements_covered_display": "100"}, "missing_lines": [], "excluded_lines": []}}}, "app/routes/ai_suggestions.py": {"executed_lines": [1, 3, 5, 6, 7, 9, 12, 13, 14, 15, 16, 17], "summary": {"covered_lines": 12, "num_statements": 16, "percent_covered": 75.0, "percent_covered_display": "75", "missing_lines": 4, "excluded_lines": 0, "percent_statements_covered": 75.0, "percent_statements_covered_display": "75"}, "missing_lines": [18, 19, 20, 21], "excluded_lines": [], "functions": {"GetAiSuggestionsRoute": {"executed_lines": [14, 15, 16, 17], "summary": {"covered_lines": 4, "num_statements": 8, "percent_covered": 50.0, "percent_covered_display": "50", "missing_lines": 4, "excluded_lines": 0, "percent_statements_covered": 50.0, "percent_statements_covered_display": "50"}, "missing_lines": [18, 19, 20, 21], "excluded_lines": []}, "": {"executed_lines": [1, 3, 5, 6, 7, 9, 12, 13], "summary": {"covered_lines": 8, "num_statements": 8, "percent_covered": 100.0, "percent_covered_display": "100", "missing_lines": 0, "excluded_lines": 0, "percent_statements_covered": 100.0, "percent_statements_covered_display": "100"}, "missing_lines": [], "excluded_lines": []}}, "classes": {"": {"executed_lines": [1, 3, 5, 6, 7, 9, 12, 13, 14, 15, 16, 17], "summary": {"covered_lines": 12, "num_statements": 16, "percent_covered": 75.0, "percent_covered_display": "75", "missing_lines": 4, "excluded_lines": 0, "percent_statements_covered": 75.0, "percent_statements_covered_display": "75"}, "missing_lines": [18, 19, 20, 21], "excluded_lines": []}}}, "app/routes/auth.py": {"executed_lines": [1, 2, 3, 4, 6, 7, 8, 17, 24, 26, 27, 30, 31, 34, 35, 38, 39, 40, 49, 50, 51, 52, 54, 57, 58, 59, 60, 67, 68, 69, 70, 71, 76, 77, 78, 79, 80, 81, 86, 87, 88, 89, 92, 93, 98, 99, 100, 101, 102, 112, 113, 114, 115, 116, 117, 126, 127, 152, 153, 154, 155, 156, 160, 161, 164, 167, 168, 169, 170, 171, 175, 176, 179, 180, 182, 185, 187, 188, 195, 196, 197, 198, 199, 200, 218, 219], "summary": {"covered_lines": 86, "num_statements": 126, "percent_covered": 68.25396825396825, "percent_covered_display": "68", "missing_lines": 40, "excluded_lines": 0, "percent_statements_covered": 68.25396825396825, "percent_statements_covered_display": "68"}, "missing_lines": [36, 53, 72, 73, 82, 83, 108, 109, 119, 128, 129, 130, 132, 133, 140, 141, 142, 143, 144, 145, 146, 147, 148, 149, 158, 162, 172, 173, 177, 183, 201, 202, 203, 204, 210, 211, 212, 214, 215, 216], "excluded_lines": [], "functions": {"EnsureGoogleConfigured": {"executed_lines": [35, 38, 39, 40], "summary": {"covered_lines": 4, "num_statements": 5, "percent_covered": 80.0, "percent_covered_display": "80", "missing_lines": 1, "excluded_lines": 0, "percent_statements_covered": 80.0, "percent_statements_covered_display": "80"}, "missing_lines": [36], "excluded_lines": []}, "GetCurrentUser": {"executed_lines": [51, 52, 54], "summary": {"covered_lines": 3, "num_statements": 4, "percent_covered": 75.0, "percent_covered_display": "75", "missing_lines": 1, "excluded_lines": 0, "percent_statements_covered": 75.0, "percent_statements_covered_display": "75"}, "missing_lines": [53], "excluded_lines": []}, "Register": {"executed_lines": [59, 60, 67, 68, 69, 70, 71], "summary": {"covered_lines": 7, "num_statements": 9, "percent_covered": 77.77777777777777, "percent_covered_display": "78", "missing_lines": 2, "excluded_lines": 0, "percent_statements_covered": 77.77777777777777, "percent_statements_covered_display": "78"}, "missing_lines": [72, 73], "excluded_lines": []}, "Login": {"executed_lines": [78, 79, 80, 81], "summary": {"covered_lines": 4, "num_statements": 6, "percent_covered": 66.66666666666667, "percent_covered_display": "67", "missing_lines": 2, "excluded_lines": 0, "percent_statements_covered": 66.66666666666667, "percent_statements_covered_display": "67"}, "missing_lines": [82, 83], "excluded_lines": []}, "Logout": {"executed_lines": [88, 89], "summary": {"covered_lines": 2, "num_statements": 2, "percent_covered": 100.0, "percent_covered_display": "100", "missing_lines": 0, "excluded_lines": 0, "percent_statements_covered": 100.0, "percent_statements_covered_display": "100"}, "missing_lines": [], "excluded_lines": []}, "CreateInvite": {"executed_lines": [98, 99, 100, 101, 102], "summary": {"covered_lines": 5, "num_statements": 7, "percent_covered": 71.42857142857143, "percent_covered_display": "71", "missing_lines": 2, "excluded_lines": 0, "percent_statements_covered": 71.42857142857143, "percent_statements_covered_display": "71"}, "missing_lines": [108, 109], "excluded_lines": []}, "GooglePending": {"executed_lines": [114, 115, 116, 117], "summary": {"covered_lines": 4, "num_statements": 5, "percent_covered": 80.0, "percent_covered_display": "80", "missing_lines": 1, "excluded_lines": 0, "percent_statements_covered": 80.0, "percent_statements_covered_display": "80"}, "missing_lines": [119], "excluded_lines": []}, "GoogleComplete": {"executed_lines": [], "summary": {"covered_lines": 0, "num_statements": 15, "percent_covered": 0.0, "percent_covered_display": "0", "missing_lines": 15, "excluded_lines": 0, "percent_statements_covered": 0.0, "percent_statements_covered_display": "0"}, "missing_lines": [128, 129, 130, 132, 133, 140, 141, 142, 143, 144, 145, 146, 147, 148, 149], "excluded_lines": []}, "GoogleLogin": {"executed_lines": [154, 155, 156, 160, 161, 164], "summary": {"covered_lines": 6, "num_statements": 8, "percent_covered": 75.0, "percent_covered_display": "75", "missing_lines": 2, "excluded_lines": 0, "percent_statements_covered": 75.0, "percent_statements_covered_display": "75"}, "missing_lines": [158, 162], "excluded_lines": []}, "GoogleCallback": {"executed_lines": [169, 170, 171, 175, 176, 179, 180, 182, 185, 187, 188, 195, 196, 197, 198, 199, 200, 218, 219], "summary": {"covered_lines": 19, "num_statements": 33, "percent_covered": 57.57575757575758, "percent_covered_display": "58", "missing_lines": 14, "excluded_lines": 0, "percent_statements_covered": 57.57575757575758, "percent_statements_covered_display": "58"}, "missing_lines": [172, 173, 177, 183, 201, 202, 203, 204, 210, 211, 212, 214, 215, 216], "excluded_lines": []}, "": {"executed_lines": [1, 2, 3, 4, 6, 7, 8, 17, 24, 26, 27, 30, 31, 34, 49, 50, 57, 58, 76, 77, 86, 87, 92, 93, 112, 113, 126, 127, 152, 153, 167, 168], "summary": {"covered_lines": 32, "num_statements": 32, "percent_covered": 100.0, "percent_covered_display": "100", "missing_lines": 0, "excluded_lines": 0, "percent_statements_covered": 100.0, "percent_statements_covered_display": "100"}, "missing_lines": [], "excluded_lines": []}}, "classes": {"UserResponse": {"executed_lines": [], "summary": {"covered_lines": 0, "num_statements": 0, "percent_covered": 100.0, "percent_covered_display": "100", "missing_lines": 0, "excluded_lines": 0, "percent_statements_covered": 100.0, "percent_statements_covered_display": "100"}, "missing_lines": [], "excluded_lines": []}, "": {"executed_lines": [1, 2, 3, 4, 6, 7, 8, 17, 24, 26, 27, 30, 31, 34, 35, 38, 39, 40, 49, 50, 51, 52, 54, 57, 58, 59, 60, 67, 68, 69, 70, 71, 76, 77, 78, 79, 80, 81, 86, 87, 88, 89, 92, 93, 98, 99, 100, 101, 102, 112, 113, 114, 115, 116, 117, 126, 127, 152, 153, 154, 155, 156, 160, 161, 164, 167, 168, 169, 170, 171, 175, 176, 179, 180, 182, 185, 187, 188, 195, 196, 197, 198, 199, 200, 218, 219], "summary": {"covered_lines": 86, "num_statements": 126, "percent_covered": 68.25396825396825, "percent_covered_display": "68", "missing_lines": 40, "excluded_lines": 0, "percent_statements_covered": 68.25396825396825, "percent_statements_covered_display": "68"}, "missing_lines": [36, 53, 72, 73, 82, 83, 108, 109, 119, 128, 129, 130, 132, 133, 140, 141, 142, 143, 144, 145, 146, 147, 148, 149, 158, 162, 172, 173, 177, 183, 201, 202, 203, 204, 210, 211, 212, 214, 215, 216], "excluded_lines": []}}}, "app/routes/daily_logs.py": {"executed_lines": [1, 2, 4, 5, 17, 18, 28, 31, 32, 33, 34, 35, 36, 39, 40, 43, 44, 47, 48, 49, 50, 51, 56, 57, 58, 59, 63, 64, 65, 71, 78, 80, 89, 90, 91, 92, 98, 103, 104, 105, 106, 107, 112, 113, 114, 115, 116], "summary": {"covered_lines": 47, "num_statements": 56, "percent_covered": 83.92857142857143, "percent_covered_display": "84", "missing_lines": 9, "excluded_lines": 0, "percent_statements_covered": 83.92857142857143, "percent_statements_covered_display": "84"}, "missing_lines": [52, 53, 61, 99, 100, 108, 109, 117, 118], "excluded_lines": [], "functions": {"CreateDailyLogRoute": {"executed_lines": [49, 50, 51], "summary": {"covered_lines": 3, "num_statements": 5, "percent_covered": 60.0, "percent_covered_display": "60", "missing_lines": 2, "excluded_lines": 0, "percent_statements_covered": 60.0, "percent_statements_covered_display": "60"}, "missing_lines": [52, 53], "excluded_lines": []}, "GetDailyLog": {"executed_lines": [58, 59, 63, 64, 65, 71, 78, 80], "summary": {"covered_lines": 8, "num_statements": 9, "percent_covered": 88.88888888888889, "percent_covered_display": "89", "missing_lines": 1, "excluded_lines": 0, "percent_statements_covered": 88.88888888888889, "percent_statements_covered_display": "89"}, "missing_lines": [61], "excluded_lines": []}, "UpdateStepsRoute": {"executed_lines": [91, 92, 98], "summary": {"covered_lines": 3, "num_statements": 5, "percent_covered": 60.0, "percent_covered_display": "60", "missing_lines": 2, "excluded_lines": 0, "percent_statements_covered": 60.0, "percent_statements_covered_display": "60"}, "missing_lines": [99, 100], "excluded_lines": []}, "CreateMealEntryRoute": {"executed_lines": [105, 106, 107], "summary": {"covered_lines": 3, "num_statements": 5, "percent_covered": 60.0, "percent_covered_display": "60", "missing_lines": 2, "excluded_lines": 0, "percent_statements_covered": 60.0, "percent_statements_covered_display": "60"}, "missing_lines": [108, 109], "excluded_lines": []}, "DeleteMealEntryRoute": {"executed_lines": [114, 115, 116], "summary": {"covered_lines": 3, "num_statements": 5, "percent_covered": 60.0, "percent_covered_display": "60", "missing_lines": 2, "excluded_lines": 0, "percent_statements_covered": 60.0, "percent_statements_covered_display": "60"}, "missing_lines": [117, 118], "excluded_lines": []}, "": {"executed_lines": [1, 2, 4, 5, 17, 18, 28, 31, 32, 33, 34, 35, 36, 39, 40, 43, 44, 47, 48, 56, 57, 89, 90, 103, 104, 112, 113], "summary": {"covered_lines": 27, "num_statements": 27, "percent_covered": 100.0, "percent_covered_display": "100", "missing_lines": 0, "excluded_lines": 0, "percent_statements_covered": 100.0, "percent_statements_covered_display": "100"}, "missing_lines": [], "excluded_lines": []}}, "classes": {"DailyLogResponse": {"executed_lines": [], "summary": {"covered_lines": 0, "num_statements": 0, "percent_covered": 100.0, "percent_covered_display": "100", "missing_lines": 0, "excluded_lines": 0, "percent_statements_covered": 100.0, "percent_statements_covered_display": "100"}, "missing_lines": [], "excluded_lines": []}, "DailyLogCreateResponse": {"executed_lines": [], "summary": {"covered_lines": 0, "num_statements": 0, "percent_covered": 100.0, "percent_covered_display": "100", "missing_lines": 0, "excluded_lines": 0, "percent_statements_covered": 100.0, "percent_statements_covered_display": "100"}, "missing_lines": [], "excluded_lines": []}, "MealEntryResponse": {"executed_lines": [], "summary": {"covered_lines": 0, "num_statements": 0, "percent_covered": 100.0, "percent_covered_display": "100", "missing_lines": 0, "excluded_lines": 0, "percent_statements_covered": 100.0, "percent_statements_covered_display": "100"}, "missing_lines": [], "excluded_lines": []}, "": {"executed_lines": [1, 2, 4, 5, 17, 18, 28, 31, 32, 33, 34, 35, 36, 39, 40, 43, 44, 47, 48, 49, 50, 51, 56, 57, 58, 59, 63, 64, 65, 71, 78, 80, 89, 90, 91, 92, 98, 103, 104, 105, 106, 107, 112, 113, 114, 115, 116], "summary": {"covered_lines": 47, "num_statements": 56, "percent_covered": 83.92857142857143, "percent_covered_display": "84", "missing_lines": 9, "excluded_lines": 0, "percent_statements_covered": 83.92857142857143, "percent_statements_covered_display": "84"}, "missing_lines": [52, 53, 61, 99, 100, 108, 109, 117, 118], "excluded_lines": []}}}, "app/routes/foods.py": {"executed_lines": [1, 2, 4, 5, 6, 8, 11, 12, 15, 16, 19, 20, 21, 22, 23, 28, 29, 30, 31, 32, 37, 38, 48, 49], "summary": {"covered_lines": 24, "num_statements": 41, "percent_covered": 58.53658536585366, "percent_covered_display": "59", "missing_lines": 17, "excluded_lines": 0, "percent_statements_covered": 58.53658536585366, "percent_statements_covered_display": "59"}, "missing_lines": [24, 25, 33, 34, 39, 40, 41, 42, 43, 44, 45, 50, 51, 52, 53, 54, 55], "excluded_lines": [], "functions": {"ListFoods": {"executed_lines": [21, 22, 23], "summary": {"covered_lines": 3, "num_statements": 5, "percent_covered": 60.0, "percent_covered_display": "60", "missing_lines": 2, "excluded_lines": 0, "percent_statements_covered": 60.0, "percent_statements_covered_display": "60"}, "missing_lines": [24, 25], "excluded_lines": []}, "CreateFood": {"executed_lines": [30, 31, 32], "summary": {"covered_lines": 3, "num_statements": 5, "percent_covered": 60.0, "percent_covered_display": "60", "missing_lines": 2, "excluded_lines": 0, "percent_statements_covered": 60.0, "percent_statements_covered_display": "60"}, "missing_lines": [33, 34], "excluded_lines": []}, "EditFood": {"executed_lines": [], "summary": {"covered_lines": 0, "num_statements": 7, "percent_covered": 0.0, "percent_covered_display": "0", "missing_lines": 7, "excluded_lines": 0, "percent_statements_covered": 0.0, "percent_statements_covered_display": "0"}, "missing_lines": [39, 40, 41, 42, 43, 44, 45], "excluded_lines": []}, "RemoveFood": {"executed_lines": [], "summary": {"covered_lines": 0, "num_statements": 6, "percent_covered": 0.0, "percent_covered_display": "0", "missing_lines": 6, "excluded_lines": 0, "percent_statements_covered": 0.0, "percent_statements_covered_display": "0"}, "missing_lines": [50, 51, 52, 53, 54, 55], "excluded_lines": []}, "": {"executed_lines": [1, 2, 4, 5, 6, 8, 11, 12, 15, 16, 19, 20, 28, 29, 37, 38, 48, 49], "summary": {"covered_lines": 18, "num_statements": 18, "percent_covered": 100.0, "percent_covered_display": "100", "missing_lines": 0, "excluded_lines": 0, "percent_statements_covered": 100.0, "percent_statements_covered_display": "100"}, "missing_lines": [], "excluded_lines": []}}, "classes": {"FoodListResponse": {"executed_lines": [], "summary": {"covered_lines": 0, "num_statements": 0, "percent_covered": 100.0, "percent_covered_display": "100", "missing_lines": 0, "excluded_lines": 0, "percent_statements_covered": 100.0, "percent_statements_covered_display": "100"}, "missing_lines": [], "excluded_lines": []}, "FoodResponse": {"executed_lines": [], "summary": {"covered_lines": 0, "num_statements": 0, "percent_covered": 100.0, "percent_covered_display": "100", "missing_lines": 0, "excluded_lines": 0, "percent_statements_covered": 100.0, "percent_statements_covered_display": "100"}, "missing_lines": [], "excluded_lines": []}, "": {"executed_lines": [1, 2, 4, 5, 6, 8, 11, 12, 15, 16, 19, 20, 21, 22, 23, 28, 29, 30, 31, 32, 37, 38, 48, 49], "summary": {"covered_lines": 24, "num_statements": 41, "percent_covered": 58.53658536585366, "percent_covered_display": "59", "missing_lines": 17, "excluded_lines": 0, "percent_statements_covered": 58.53658536585366, "percent_statements_covered_display": "59"}, "missing_lines": [24, 25, 33, 34, 39, 40, 41, 42, 43, 44, 45, 50, 51, 52, 53, 54, 55], "excluded_lines": []}}}, "app/routes/health.py": {"executed_lines": [1, 3, 6, 7, 8], "summary": {"covered_lines": 5, "num_statements": 5, "percent_covered": 100.0, "percent_covered_display": "100", "missing_lines": 0, "excluded_lines": 0, "percent_statements_covered": 100.0, "percent_statements_covered_display": "100"}, "missing_lines": [], "excluded_lines": [], "functions": {"GetHealth": {"executed_lines": [8], "summary": {"covered_lines": 1, "num_statements": 1, "percent_covered": 100.0, "percent_covered_display": "100", "missing_lines": 0, "excluded_lines": 0, "percent_statements_covered": 100.0, "percent_statements_covered_display": "100"}, "missing_lines": [], "excluded_lines": []}, "": {"executed_lines": [1, 3, 6, 7], "summary": {"covered_lines": 4, "num_statements": 4, "percent_covered": 100.0, "percent_covered_display": "100", "missing_lines": 0, "excluded_lines": 0, "percent_statements_covered": 100.0, "percent_statements_covered_display": "100"}, "missing_lines": [], "excluded_lines": []}}, "classes": {"": {"executed_lines": [1, 3, 6, 7, 8], "summary": {"covered_lines": 5, "num_statements": 5, "percent_covered": 100.0, "percent_covered_display": "100", "missing_lines": 0, "excluded_lines": 0, "percent_statements_covered": 100.0, "percent_statements_covered_display": "100"}, "missing_lines": [], "excluded_lines": []}}}, "app/routes/meal_templates.py": {"executed_lines": [1, 2, 4, 5, 13, 20, 23, 24, 27, 28, 29, 30, 33, 34, 38, 39, 40, 45, 46, 50, 51, 52, 57, 58, 63, 64], "summary": {"covered_lines": 26, "num_statements": 32, "percent_covered": 81.25, "percent_covered_display": "81", "missing_lines": 6, "excluded_lines": 0, "percent_statements_covered": 81.25, "percent_statements_covered_display": "81"}, "missing_lines": [41, 42, 53, 54, 65, 66], "excluded_lines": [], "functions": {"ListMealTemplates": {"executed_lines": [29, 30], "summary": {"covered_lines": 2, "num_statements": 2, "percent_covered": 100.0, "percent_covered_display": "100", "missing_lines": 0, "excluded_lines": 0, "percent_statements_covered": 100.0, "percent_statements_covered_display": "100"}, "missing_lines": [], "excluded_lines": []}, "CreateMealTemplateRoute": {"executed_lines": [38, 39, 40], "summary": {"covered_lines": 3, "num_statements": 5, "percent_covered": 60.0, "percent_covered_display": "60", "missing_lines": 2, "excluded_lines": 0, "percent_statements_covered": 60.0, "percent_statements_covered_display": "60"}, "missing_lines": [41, 42], "excluded_lines": []}, "DeleteMealTemplateRoute": {"executed_lines": [50, 51, 52], "summary": {"covered_lines": 3, "num_statements": 5, "percent_covered": 60.0, "percent_covered_display": "60", "missing_lines": 2, "excluded_lines": 0, "percent_statements_covered": 60.0, "percent_statements_covered_display": "60"}, "missing_lines": [53, 54], "excluded_lines": []}, "ApplyMealTemplateRoute": {"executed_lines": [63, 64], "summary": {"covered_lines": 2, "num_statements": 4, "percent_covered": 50.0, "percent_covered_display": "50", "missing_lines": 2, "excluded_lines": 0, "percent_statements_covered": 50.0, "percent_statements_covered_display": "50"}, "missing_lines": [65, 66], "excluded_lines": []}, "": {"executed_lines": [1, 2, 4, 5, 13, 20, 23, 24, 27, 28, 33, 34, 45, 46, 57, 58], "summary": {"covered_lines": 16, "num_statements": 16, "percent_covered": 100.0, "percent_covered_display": "100", "missing_lines": 0, "excluded_lines": 0, "percent_statements_covered": 100.0, "percent_statements_covered_display": "100"}, "missing_lines": [], "excluded_lines": []}}, "classes": {"MealTemplateResponse": {"executed_lines": [], "summary": {"covered_lines": 0, "num_statements": 0, "percent_covered": 100.0, "percent_covered_display": "100", "missing_lines": 0, "excluded_lines": 0, "percent_statements_covered": 100.0, "percent_statements_covered_display": "100"}, "missing_lines": [], "excluded_lines": []}, "": {"executed_lines": [1, 2, 4, 5, 13, 20, 23, 24, 27, 28, 29, 30, 33, 34, 38, 39, 40, 45, 46, 50, 51, 52, 57, 58, 63, 64], "summary": {"covered_lines": 26, "num_statements": 32, "percent_covered": 81.25, "percent_covered_display": "81", "missing_lines": 6, "excluded_lines": 0, "percent_statements_covered": 81.25, "percent_statements_covered_display": "81"}, "missing_lines": [41, 42, 53, 54, 65, 66], "excluded_lines": []}}}, "app/routes/schedule.py": {"executed_lines": [1, 3, 4, 5, 7, 10, 11, 12, 13, 16, 17, 21, 22, 23], "summary": {"covered_lines": 14, "num_statements": 16, "percent_covered": 87.5, "percent_covered_display": "88", "missing_lines": 2, "excluded_lines": 0, "percent_statements_covered": 87.5, "percent_statements_covered_display": "88"}, "missing_lines": [24, 25], "excluded_lines": [], "functions": {"ListScheduleSlots": {"executed_lines": [12, 13], "summary": {"covered_lines": 2, "num_statements": 2, "percent_covered": 100.0, "percent_covered_display": "100", "missing_lines": 0, "excluded_lines": 0, "percent_statements_covered": 100.0, "percent_statements_covered_display": "100"}, "missing_lines": [], "excluded_lines": []}, "UpdateScheduleSlotsRoute": {"executed_lines": [21, 22, 23], "summary": {"covered_lines": 3, "num_statements": 5, "percent_covered": 60.0, "percent_covered_display": "60", "missing_lines": 2, "excluded_lines": 0, "percent_statements_covered": 60.0, "percent_statements_covered_display": "60"}, "missing_lines": [24, 25], "excluded_lines": []}, "": {"executed_lines": [1, 3, 4, 5, 7, 10, 11, 16, 17], "summary": {"covered_lines": 9, "num_statements": 9, "percent_covered": 100.0, "percent_covered_display": "100", "missing_lines": 0, "excluded_lines": 0, "percent_statements_covered": 100.0, "percent_statements_covered_display": "100"}, "missing_lines": [], "excluded_lines": []}}, "classes": {"": {"executed_lines": [1, 3, 4, 5, 7, 10, 11, 12, 13, 16, 17, 21, 22, 23], "summary": {"covered_lines": 14, "num_statements": 16, "percent_covered": 87.5, "percent_covered_display": "88", "missing_lines": 2, "excluded_lines": 0, "percent_statements_covered": 87.5, "percent_statements_covered_display": "88"}, "missing_lines": [24, 25], "excluded_lines": []}}}, "app/routes/settings.py": {"executed_lines": [1, 3, 4, 5, 7, 10, 11, 12, 15, 16, 20, 21], "summary": {"covered_lines": 12, "num_statements": 14, "percent_covered": 85.71428571428571, "percent_covered_display": "86", "missing_lines": 2, "excluded_lines": 0, "percent_statements_covered": 85.71428571428571, "percent_statements_covered_display": "86"}, "missing_lines": [22, 23], "excluded_lines": [], "functions": {"GetSettingsRoute": {"executed_lines": [12], "summary": {"covered_lines": 1, "num_statements": 1, "percent_covered": 100.0, "percent_covered_display": "100", "missing_lines": 0, "excluded_lines": 0, "percent_statements_covered": 100.0, "percent_statements_covered_display": "100"}, "missing_lines": [], "excluded_lines": []}, "UpdateSettingsRoute": {"executed_lines": [20, 21], "summary": {"covered_lines": 2, "num_statements": 4, "percent_covered": 50.0, "percent_covered_display": "50", "missing_lines": 2, "excluded_lines": 0, "percent_statements_covered": 50.0, "percent_statements_covered_display": "50"}, "missing_lines": [22, 23], "excluded_lines": []}, "": {"executed_lines": [1, 3, 4, 5, 7, 10, 11, 15, 16], "summary": {"covered_lines": 9, "num_statements": 9, "percent_covered": 100.0, "percent_covered_display": "100", "missing_lines": 0, "excluded_lines": 0, "percent_statements_covered": 100.0, "percent_statements_covered_display": "100"}, "missing_lines": [], "excluded_lines": []}}, "classes": {"": {"executed_lines": [1, 3, 4, 5, 7, 10, 11, 12, 15, 16, 20, 21], "summary": {"covered_lines": 12, "num_statements": 14, "percent_covered": 85.71428571428571, "percent_covered_display": "86", "missing_lines": 2, "excluded_lines": 0, "percent_statements_covered": 85.71428571428571, "percent_statements_covered_display": "86"}, "missing_lines": [22, 23], "excluded_lines": []}}}, "app/routes/summary.py": {"executed_lines": [1, 2, 4, 5, 6, 8, 11, 12, 15, 16, 20, 21, 22], "summary": {"covered_lines": 13, "num_statements": 15, "percent_covered": 86.66666666666667, "percent_covered_display": "87", "missing_lines": 2, "excluded_lines": 0, "percent_statements_covered": 86.66666666666667, "percent_statements_covered_display": "87"}, "missing_lines": [23, 24], "excluded_lines": [], "functions": {"GetWeeklySummaryRoute": {"executed_lines": [20, 21, 22], "summary": {"covered_lines": 3, "num_statements": 5, "percent_covered": 60.0, "percent_covered_display": "60", "missing_lines": 2, "excluded_lines": 0, "percent_statements_covered": 60.0, "percent_statements_covered_display": "60"}, "missing_lines": [23, 24], "excluded_lines": []}, "": {"executed_lines": [1, 2, 4, 5, 6, 8, 11, 12, 15, 16], "summary": {"covered_lines": 10, "num_statements": 10, "percent_covered": 100.0, "percent_covered_display": "100", "missing_lines": 0, "excluded_lines": 0, "percent_statements_covered": 100.0, "percent_statements_covered_display": "100"}, "missing_lines": [], "excluded_lines": []}}, "classes": {"WeeklySummaryResponse": {"executed_lines": [], "summary": {"covered_lines": 0, "num_statements": 0, "percent_covered": 100.0, "percent_covered_display": "100", "missing_lines": 0, "excluded_lines": 0, "percent_statements_covered": 100.0, "percent_statements_covered_display": "100"}, "missing_lines": [], "excluded_lines": []}, "": {"executed_lines": [1, 2, 4, 5, 6, 8, 11, 12, 15, 16, 20, 21, 22], "summary": {"covered_lines": 13, "num_statements": 15, "percent_covered": 86.66666666666667, "percent_covered_display": "87", "missing_lines": 2, "excluded_lines": 0, "percent_statements_covered": 86.66666666666667, "percent_statements_covered_display": "87"}, "missing_lines": [23, 24], "excluded_lines": []}}}, "app/services/__init__.py": {"executed_lines": [0], "summary": {"covered_lines": 0, "num_statements": 0, "percent_covered": 100.0, "percent_covered_display": "100", "missing_lines": 0, "excluded_lines": 0, "percent_statements_covered": 100.0, "percent_statements_covered_display": "100"}, "missing_lines": [], "excluded_lines": [], "functions": {"": {"executed_lines": [], "summary": {"covered_lines": 0, "num_statements": 0, "percent_covered": 100.0, "percent_covered_display": "100", "missing_lines": 0, "excluded_lines": 0, "percent_statements_covered": 100.0, "percent_statements_covered_display": "100"}, "missing_lines": [], "excluded_lines": []}}, "classes": {"": {"executed_lines": [], "summary": {"covered_lines": 0, "num_statements": 0, "percent_covered": 100.0, "percent_covered_display": "100", "missing_lines": 0, "excluded_lines": 0, "percent_statements_covered": 100.0, "percent_statements_covered_display": "100"}, "missing_lines": [], "excluded_lines": []}}}, "app/services/ai_suggestions_service.py": {"executed_lines": [1, 3, 5, 6, 7, 10, 11, 18, 19, 21, 22, 27, 28, 31, 32, 33, 36, 37, 38, 40, 41, 42, 44, 52, 55, 58, 59, 60, 62, 63, 66, 67, 69, 80, 86, 88, 103, 108, 114, 115, 116, 117, 120], "summary": {"covered_lines": 43, "num_statements": 49, "percent_covered": 87.75510204081633, "percent_covered_display": "88", "missing_lines": 6, "excluded_lines": 0, "percent_statements_covered": 87.75510204081633, "percent_statements_covered_display": "88"}, "missing_lines": [34, 39, 43, 53, 64, 118], "excluded_lines": [], "functions": {"BuildAiPrompt": {"executed_lines": [11, 18, 19, 21, 22, 27, 28], "summary": {"covered_lines": 7, "num_statements": 7, "percent_covered": 100.0, "percent_covered_display": "100", "missing_lines": 0, "excluded_lines": 0, "percent_statements_covered": 100.0, "percent_statements_covered_display": "100"}, "missing_lines": [], "excluded_lines": []}, "ParseAiSuggestions": {"executed_lines": [32, 33, 36, 37, 38, 40, 41, 42, 44, 52, 55], "summary": {"covered_lines": 11, "num_statements": 15, "percent_covered": 73.33333333333333, "percent_covered_display": "73", "missing_lines": 4, "excluded_lines": 0, "percent_statements_covered": 73.33333333333333, "percent_statements_covered_display": "73"}, "missing_lines": [34, 39, 43, 53], "excluded_lines": []}, "GetAiSuggestions": {"executed_lines": [59, 60, 62, 63, 66, 67, 69, 80, 86, 88, 103, 108, 114, 115, 116, 117, 120], "summary": {"covered_lines": 17, "num_statements": 19, "percent_covered": 89.47368421052632, "percent_covered_display": "89", "missing_lines": 2, "excluded_lines": 0, "percent_statements_covered": 89.47368421052632, "percent_statements_covered_display": "89"}, "missing_lines": [64, 118], "excluded_lines": []}, "": {"executed_lines": [1, 3, 5, 6, 7, 10, 31, 58], "summary": {"covered_lines": 8, "num_statements": 8, "percent_covered": 100.0, "percent_covered_display": "100", "missing_lines": 0, "excluded_lines": 0, "percent_statements_covered": 100.0, "percent_statements_covered_display": "100"}, "missing_lines": [], "excluded_lines": []}}, "classes": {"": {"executed_lines": [1, 3, 5, 6, 7, 10, 11, 18, 19, 21, 22, 27, 28, 31, 32, 33, 36, 37, 38, 40, 41, 42, 44, 52, 55, 58, 59, 60, 62, 63, 66, 67, 69, 80, 86, 88, 103, 108, 114, 115, 116, 117, 120], "summary": {"covered_lines": 43, "num_statements": 49, "percent_covered": 87.75510204081633, "percent_covered_display": "88", "missing_lines": 6, "excluded_lines": 0, "percent_statements_covered": 87.75510204081633, "percent_statements_covered_display": "88"}, "missing_lines": [34, 39, 43, 53, 64, 118], "excluded_lines": []}}}, "app/services/auth_service.py": {"executed_lines": [1, 2, 4, 6, 7, 8, 9, 12, 13, 16, 17, 26, 27, 28, 29, 30, 32, 46, 49, 52, 53, 54, 57, 58, 59, 60, 63, 64, 65, 66, 67, 68, 71, 72, 73, 74, 78, 79, 83, 84, 87, 88, 101, 102, 104, 107, 108, 111, 114, 117, 118, 130, 131, 132, 133, 135, 139, 142, 150, 166, 167, 169, 188, 200, 203, 206, 213, 214, 223, 226, 228, 229, 231, 254, 268, 271, 273, 276, 277, 278, 294, 297, 300, 301, 304, 307, 314, 315, 317, 333, 334, 335, 336, 356, 369, 371, 373, 375, 376, 379, 386, 387, 403, 416, 419, 421, 422, 423, 446, 460, 463, 465, 467, 469, 492, 506, 509, 511], "summary": {"covered_lines": 118, "num_statements": 142, "percent_covered": 83.09859154929578, "percent_covered_display": "83", "missing_lines": 24, "excluded_lines": 0, "percent_statements_covered": 83.09859154929578, "percent_statements_covered_display": "83"}, "missing_lines": [47, 80, 85, 105, 109, 112, 140, 151, 162, 163, 164, 201, 224, 269, 295, 298, 302, 370, 377, 380, 384, 417, 461, 507], "excluded_lines": [], "functions": {"NormalizeEmail": {"executed_lines": [13], "summary": {"covered_lines": 1, "num_statements": 1, "percent_covered": 100.0, "percent_covered_display": "100", "missing_lines": 0, "excluded_lines": 0, "percent_statements_covered": 100.0, "percent_statements_covered_display": "100"}, "missing_lines": [], "excluded_lines": []}, "BuildUserFromRow": {"executed_lines": [17], "summary": {"covered_lines": 1, "num_statements": 1, "percent_covered": 100.0, "percent_covered_display": "100", "missing_lines": 0, "excluded_lines": 0, "percent_statements_covered": 100.0, "percent_statements_covered_display": "100"}, "missing_lines": [], "excluded_lines": []}, "GetUserFromRequest": {"executed_lines": [27, 28, 29, 30, 32, 46, 49], "summary": {"covered_lines": 7, "num_statements": 8, "percent_covered": 87.5, "percent_covered_display": "88", "missing_lines": 1, "excluded_lines": 0, "percent_statements_covered": 87.5, "percent_statements_covered_display": "88"}, "missing_lines": [47], "excluded_lines": []}, "IsGmailAddress": {"executed_lines": [53, 54], "summary": {"covered_lines": 2, "num_statements": 2, "percent_covered": 100.0, "percent_covered_display": "100", "missing_lines": 0, "excluded_lines": 0, "percent_statements_covered": 100.0, "percent_statements_covered_display": "100"}, "missing_lines": [], "excluded_lines": []}, "ParseSeedEmailSet": {"executed_lines": [58, 59, 60], "summary": {"covered_lines": 3, "num_statements": 3, "percent_covered": 100.0, "percent_covered_display": "100", "missing_lines": 0, "excluded_lines": 0, "percent_statements_covered": 100.0, "percent_statements_covered_display": "100"}, "missing_lines": [], "excluded_lines": []}, "GetSeededGoogleRoles": {"executed_lines": [64, 65, 66, 67, 68], "summary": {"covered_lines": 5, "num_statements": 5, "percent_covered": 100.0, "percent_covered_display": "100", "missing_lines": 0, "excluded_lines": 0, "percent_statements_covered": 100.0, "percent_statements_covered_display": "100"}, "missing_lines": [], "excluded_lines": []}, "GenerateInviteCode": {"executed_lines": [72, 73, 74, 78, 79], "summary": {"covered_lines": 5, "num_statements": 6, "percent_covered": 83.33333333333333, "percent_covered_display": "83", "missing_lines": 1, "excluded_lines": 0, "percent_statements_covered": 83.33333333333333, "percent_statements_covered_display": "83"}, "missing_lines": [80], "excluded_lines": []}, "EnsureInviteForEmail": {"executed_lines": [84, 87, 88, 101, 102, 104, 107, 108, 111, 114], "summary": {"covered_lines": 10, "num_statements": 14, "percent_covered": 71.42857142857143, "percent_covered_display": "71", "missing_lines": 4, "excluded_lines": 0, "percent_statements_covered": 71.42857142857143, "percent_statements_covered_display": "71"}, "missing_lines": [85, 105, 109, 112], "excluded_lines": []}, "MarkInviteUsed": {"executed_lines": [118], "summary": {"covered_lines": 1, "num_statements": 1, "percent_covered": 100.0, "percent_covered_display": "100", "missing_lines": 0, "excluded_lines": 0, "percent_statements_covered": 100.0, "percent_statements_covered_display": "100"}, "missing_lines": [], "excluded_lines": []}, "CreateInviteForEmail": {"executed_lines": [131, 132, 133, 135, 139, 142, 150, 166, 167, 169, 188, 200, 203], "summary": {"covered_lines": 13, "num_statements": 19, "percent_covered": 68.42105263157895, "percent_covered_display": "68", "missing_lines": 6, "excluded_lines": 0, "percent_statements_covered": 68.42105263157895, "percent_statements_covered_display": "68"}, "missing_lines": [140, 151, 162, 163, 164, 201], "excluded_lines": []}, "RegisterLocalUser": {"executed_lines": [213, 214, 223, 226, 228, 229, 231, 254, 268, 271, 273], "summary": {"covered_lines": 11, "num_statements": 13, "percent_covered": 84.61538461538461, "percent_covered_display": "85", "missing_lines": 2, "excluded_lines": 0, "percent_statements_covered": 84.61538461538461, "percent_statements_covered_display": "85"}, "missing_lines": [224, 269], "excluded_lines": []}, "AuthenticateUser": {"executed_lines": [277, 278, 294, 297, 300, 301, 304], "summary": {"covered_lines": 7, "num_statements": 10, "percent_covered": 70.0, "percent_covered_display": "70", "missing_lines": 3, "excluded_lines": 0, "percent_statements_covered": 70.0, "percent_statements_covered_display": "70"}, "missing_lines": [295, 298, 302], "excluded_lines": []}, "RegisterGoogleUser": {"executed_lines": [314, 315, 317, 333, 334, 335, 336, 356, 369, 371, 373, 375, 376, 379, 386, 387, 403, 416, 419, 421, 422, 423, 446, 460, 463, 465, 467, 469, 492, 506, 509, 511], "summary": {"covered_lines": 32, "num_statements": 39, "percent_covered": 82.05128205128206, "percent_covered_display": "82", "missing_lines": 7, "excluded_lines": 0, "percent_statements_covered": 82.05128205128206, "percent_statements_covered_display": "82"}, "missing_lines": [370, 377, 380, 384, 417, 461, 507], "excluded_lines": []}, "": {"executed_lines": [1, 2, 4, 6, 7, 8, 9, 12, 16, 26, 52, 57, 63, 71, 83, 117, 130, 206, 276, 307], "summary": {"covered_lines": 20, "num_statements": 20, "percent_covered": 100.0, "percent_covered_display": "100", "missing_lines": 0, "excluded_lines": 0, "percent_statements_covered": 100.0, "percent_statements_covered_display": "100"}, "missing_lines": [], "excluded_lines": []}}, "classes": {"": {"executed_lines": [1, 2, 4, 6, 7, 8, 9, 12, 13, 16, 17, 26, 27, 28, 29, 30, 32, 46, 49, 52, 53, 54, 57, 58, 59, 60, 63, 64, 65, 66, 67, 68, 71, 72, 73, 74, 78, 79, 83, 84, 87, 88, 101, 102, 104, 107, 108, 111, 114, 117, 118, 130, 131, 132, 133, 135, 139, 142, 150, 166, 167, 169, 188, 200, 203, 206, 213, 214, 223, 226, 228, 229, 231, 254, 268, 271, 273, 276, 277, 278, 294, 297, 300, 301, 304, 307, 314, 315, 317, 333, 334, 335, 336, 356, 369, 371, 373, 375, 376, 379, 386, 387, 403, 416, 419, 421, 422, 423, 446, 460, 463, 465, 467, 469, 492, 506, 509, 511], "summary": {"covered_lines": 118, "num_statements": 142, "percent_covered": 83.09859154929578, "percent_covered_display": "83", "missing_lines": 24, "excluded_lines": 0, "percent_statements_covered": 83.09859154929578, "percent_statements_covered_display": "83"}, "missing_lines": [47, 80, 85, 105, 109, 112, 140, 151, 162, 163, 164, 201, 224, 269, 295, 298, 302, 370, 377, 380, 384, 417, 461, 507], "excluded_lines": []}}}, "app/services/calculations_service.py": {"executed_lines": [1, 4, 5, 8, 9, 12, 18, 19, 21, 22, 23, 25, 26, 27, 28, 29, 30, 31, 33, 44, 45, 54, 55, 56, 63, 70], "summary": {"covered_lines": 26, "num_statements": 26, "percent_covered": 100.0, "percent_covered_display": "100", "missing_lines": 0, "excluded_lines": 0, "percent_statements_covered": 100.0, "percent_statements_covered_display": "100"}, "missing_lines": [], "excluded_lines": [], "functions": {"RoundCalories": {"executed_lines": [5], "summary": {"covered_lines": 1, "num_statements": 1, "percent_covered": 100.0, "percent_covered_display": "100", "missing_lines": 0, "excluded_lines": 0, "percent_statements_covered": 100.0, "percent_statements_covered_display": "100"}, "missing_lines": [], "excluded_lines": []}, "RoundProtein": {"executed_lines": [9], "summary": {"covered_lines": 1, "num_statements": 1, "percent_covered": 100.0, "percent_covered_display": "100", "missing_lines": 0, "excluded_lines": 0, "percent_statements_covered": 100.0, "percent_statements_covered_display": "100"}, "missing_lines": [], "excluded_lines": []}, "CalculateDailyTotals": {"executed_lines": [18, 19, 21, 22, 23, 25, 26, 27, 28, 29, 30, 31, 33], "summary": {"covered_lines": 13, "num_statements": 13, "percent_covered": 100.0, "percent_covered_display": "100", "missing_lines": 0, "excluded_lines": 0, "percent_statements_covered": 100.0, "percent_statements_covered_display": "100"}, "missing_lines": [], "excluded_lines": []}, "BuildDailySummary": {"executed_lines": [45], "summary": {"covered_lines": 1, "num_statements": 1, "percent_covered": 100.0, "percent_covered_display": "100", "missing_lines": 0, "excluded_lines": 0, "percent_statements_covered": 100.0, "percent_statements_covered_display": "100"}, "missing_lines": [], "excluded_lines": []}, "CalculateWeeklySummary": {"executed_lines": [55, 56, 63, 70], "summary": {"covered_lines": 4, "num_statements": 4, "percent_covered": 100.0, "percent_covered_display": "100", "missing_lines": 0, "excluded_lines": 0, "percent_statements_covered": 100.0, "percent_statements_covered_display": "100"}, "missing_lines": [], "excluded_lines": []}, "": {"executed_lines": [1, 4, 8, 12, 44, 54], "summary": {"covered_lines": 6, "num_statements": 6, "percent_covered": 100.0, "percent_covered_display": "100", "missing_lines": 0, "excluded_lines": 0, "percent_statements_covered": 100.0, "percent_statements_covered_display": "100"}, "missing_lines": [], "excluded_lines": []}}, "classes": {"": {"executed_lines": [1, 4, 5, 8, 9, 12, 18, 19, 21, 22, 23, 25, 26, 27, 28, 29, 30, 31, 33, 44, 45, 54, 55, 56, 63, 70], "summary": {"covered_lines": 26, "num_statements": 26, "percent_covered": 100.0, "percent_covered_display": "100", "missing_lines": 0, "excluded_lines": 0, "percent_statements_covered": 100.0, "percent_statements_covered_display": "100"}, "missing_lines": [], "excluded_lines": []}}}, "app/services/daily_logs_service.py": {"executed_lines": [1, 3, 11, 12, 15, 16, 32, 33, 35, 44, 45, 59, 60, 62, 71, 98, 99, 126, 127, 128, 145, 148, 149, 151, 177, 178, 180, 183, 184, 186, 203, 204, 206, 209, 210, 211, 214, 215, 228, 229, 231, 234, 235, 245, 248, 258, 261, 262, 271, 274, 276, 301, 319, 322, 335, 336, 348, 351], "summary": {"covered_lines": 58, "num_statements": 71, "percent_covered": 81.69014084507042, "percent_covered_display": "82", "missing_lines": 13, "excluded_lines": 0, "percent_statements_covered": 81.69014084507042, "percent_statements_covered_display": "82"}, "missing_lines": [72, 86, 87, 89, 179, 205, 212, 230, 246, 259, 272, 320, 349], "excluded_lines": [], "functions": {"GetSettings": {"executed_lines": [16, 32, 33, 35], "summary": {"covered_lines": 4, "num_statements": 4, "percent_covered": 100.0, "percent_covered_display": "100", "missing_lines": 0, "excluded_lines": 0, "percent_statements_covered": 100.0, "percent_statements_covered_display": "100"}, "missing_lines": [], "excluded_lines": []}, "GetDailyLogByDate": {"executed_lines": [45, 59, 60, 62], "summary": {"covered_lines": 4, "num_statements": 4, "percent_covered": 100.0, "percent_covered_display": "100", "missing_lines": 0, "excluded_lines": 0, "percent_statements_covered": 100.0, "percent_statements_covered_display": "100"}, "missing_lines": [], "excluded_lines": []}, "GetDailyLogById": {"executed_lines": [], "summary": {"covered_lines": 0, "num_statements": 4, "percent_covered": 0.0, "percent_covered_display": "0", "missing_lines": 4, "excluded_lines": 0, "percent_statements_covered": 0.0, "percent_statements_covered_display": "0"}, "missing_lines": [72, 86, 87, 89], "excluded_lines": []}, "GetEntriesForLog": {"executed_lines": [99, 126, 127, 128, 145], "summary": {"covered_lines": 5, "num_statements": 5, "percent_covered": 100.0, "percent_covered_display": "100", "missing_lines": 0, "excluded_lines": 0, "percent_statements_covered": 100.0, "percent_statements_covered_display": "100"}, "missing_lines": [], "excluded_lines": []}, "UpsertDailyLog": {"executed_lines": [149, 151, 177, 178, 180], "summary": {"covered_lines": 5, "num_statements": 6, "percent_covered": 83.33333333333333, "percent_covered_display": "83", "missing_lines": 1, "excluded_lines": 0, "percent_statements_covered": 83.33333333333333, "percent_statements_covered_display": "83"}, "missing_lines": [179], "excluded_lines": []}, "UpdateSteps": {"executed_lines": [184, 186, 203, 204, 206], "summary": {"covered_lines": 5, "num_statements": 6, "percent_covered": 83.33333333333333, "percent_covered_display": "83", "missing_lines": 1, "excluded_lines": 0, "percent_statements_covered": 83.33333333333333, "percent_statements_covered_display": "83"}, "missing_lines": [205], "excluded_lines": []}, "EnsureDailyLogForDate": {"executed_lines": [210, 211, 214, 215, 228, 229, 231], "summary": {"covered_lines": 7, "num_statements": 9, "percent_covered": 77.77777777777777, "percent_covered_display": "78", "missing_lines": 2, "excluded_lines": 0, "percent_statements_covered": 77.77777777777777, "percent_statements_covered_display": "78"}, "missing_lines": [212, 230], "excluded_lines": []}, "CreateMealEntry": {"executed_lines": [235, 245, 248, 258, 261, 262, 271, 274, 276, 301, 319, 322], "summary": {"covered_lines": 12, "num_statements": 16, "percent_covered": 75.0, "percent_covered_display": "75", "missing_lines": 4, "excluded_lines": 0, "percent_statements_covered": 75.0, "percent_statements_covered_display": "75"}, "missing_lines": [246, 259, 272, 320], "excluded_lines": []}, "DeleteMealEntry": {"executed_lines": [336, 348, 351], "summary": {"covered_lines": 3, "num_statements": 4, "percent_covered": 75.0, "percent_covered_display": "75", "missing_lines": 1, "excluded_lines": 0, "percent_statements_covered": 75.0, "percent_statements_covered_display": "75"}, "missing_lines": [349], "excluded_lines": []}, "": {"executed_lines": [1, 3, 11, 12, 15, 44, 71, 98, 148, 183, 209, 234, 335], "summary": {"covered_lines": 13, "num_statements": 13, "percent_covered": 100.0, "percent_covered_display": "100", "missing_lines": 0, "excluded_lines": 0, "percent_statements_covered": 100.0, "percent_statements_covered_display": "100"}, "missing_lines": [], "excluded_lines": []}}, "classes": {"": {"executed_lines": [1, 3, 11, 12, 15, 16, 32, 33, 35, 44, 45, 59, 60, 62, 71, 98, 99, 126, 127, 128, 145, 148, 149, 151, 177, 178, 180, 183, 184, 186, 203, 204, 206, 209, 210, 211, 214, 215, 228, 229, 231, 234, 235, 245, 248, 258, 261, 262, 271, 274, 276, 301, 319, 322, 335, 336, 348, 351], "summary": {"covered_lines": 58, "num_statements": 71, "percent_covered": 81.69014084507042, "percent_covered_display": "82", "missing_lines": 13, "excluded_lines": 0, "percent_statements_covered": 81.69014084507042, "percent_statements_covered_display": "82"}, "missing_lines": [72, 86, 87, 89, 179, 205, 212, 230, 246, 259, 272, 320, 349], "excluded_lines": []}}}, "app/services/foods_service.py": {"executed_lines": [1, 3, 4, 7, 8, 27, 28, 29, 42, 45, 46, 49, 51, 86, 103, 106, 118, 178, 205], "summary": {"covered_lines": 19, "num_statements": 62, "percent_covered": 30.64516129032258, "percent_covered_display": "31", "missing_lines": 43, "excluded_lines": 0, "percent_statements_covered": 30.64516129032258, "percent_statements_covered_display": "31"}, "missing_lines": [104, 120, 125, 126, 128, 129, 132, 133, 135, 136, 137, 139, 141, 145, 146, 148, 149, 150, 151, 153, 154, 155, 157, 158, 159, 161, 162, 163, 165, 167, 169, 170, 175, 179, 190, 191, 193, 207, 212, 213, 215, 216, 218], "excluded_lines": [], "functions": {"GetFoods": {"executed_lines": [8, 27, 28, 29, 42], "summary": {"covered_lines": 5, "num_statements": 5, "percent_covered": 100.0, "percent_covered_display": "100", "missing_lines": 0, "excluded_lines": 0, "percent_statements_covered": 100.0, "percent_statements_covered_display": "100"}, "missing_lines": [], "excluded_lines": []}, "UpsertFood": {"executed_lines": [46, 49, 51, 86, 103, 106], "summary": {"covered_lines": 6, "num_statements": 7, "percent_covered": 85.71428571428571, "percent_covered_display": "86", "missing_lines": 1, "excluded_lines": 0, "percent_statements_covered": 85.71428571428571, "percent_statements_covered_display": "86"}, "missing_lines": [104], "excluded_lines": []}, "UpdateFood": {"executed_lines": [], "summary": {"covered_lines": 0, "num_statements": 32, "percent_covered": 0.0, "percent_covered_display": "0", "missing_lines": 32, "excluded_lines": 0, "percent_statements_covered": 0.0, "percent_statements_covered_display": "0"}, "missing_lines": [120, 125, 126, 128, 129, 132, 133, 135, 136, 137, 139, 141, 145, 146, 148, 149, 150, 151, 153, 154, 155, 157, 158, 159, 161, 162, 163, 165, 167, 169, 170, 175], "excluded_lines": []}, "GetFoodById": {"executed_lines": [], "summary": {"covered_lines": 0, "num_statements": 4, "percent_covered": 0.0, "percent_covered_display": "0", "missing_lines": 4, "excluded_lines": 0, "percent_statements_covered": 0.0, "percent_statements_covered_display": "0"}, "missing_lines": [179, 190, 191, 193], "excluded_lines": []}, "DeleteFood": {"executed_lines": [], "summary": {"covered_lines": 0, "num_statements": 6, "percent_covered": 0.0, "percent_covered_display": "0", "missing_lines": 6, "excluded_lines": 0, "percent_statements_covered": 0.0, "percent_statements_covered_display": "0"}, "missing_lines": [207, 212, 213, 215, 216, 218], "excluded_lines": []}, "": {"executed_lines": [1, 3, 4, 7, 45, 118, 178, 205], "summary": {"covered_lines": 8, "num_statements": 8, "percent_covered": 100.0, "percent_covered_display": "100", "missing_lines": 0, "excluded_lines": 0, "percent_statements_covered": 100.0, "percent_statements_covered_display": "100"}, "missing_lines": [], "excluded_lines": []}}, "classes": {"": {"executed_lines": [1, 3, 4, 7, 8, 27, 28, 29, 42, 45, 46, 49, 51, 86, 103, 106, 118, 178, 205], "summary": {"covered_lines": 19, "num_statements": 62, "percent_covered": 30.64516129032258, "percent_covered_display": "31", "missing_lines": 43, "excluded_lines": 0, "percent_statements_covered": 30.64516129032258, "percent_statements_covered_display": "31"}, "missing_lines": [104, 120, 125, 126, 128, 129, 132, 133, 135, 136, 137, 139, 141, 145, 146, 148, 149, 150, 151, 153, 154, 155, 157, 158, 159, 161, 162, 163, 165, 167, 169, 170, 175, 179, 190, 191, 193, 207, 212, 213, 215, 216, 218], "excluded_lines": []}}}, "app/services/meal_templates_service.py": {"executed_lines": [1, 3, 11, 12, 15, 16, 17, 20, 23, 31, 34, 36, 47, 48, 56, 59, 82, 85, 86, 97, 100, 121, 127, 142, 145, 146, 159, 160, 162, 163, 164, 185, 186, 187, 198, 200, 201, 202, 207, 208, 210, 213, 214, 222, 225, 231, 232, 233, 234, 235, 237, 238, 239, 250, 251, 253], "summary": {"covered_lines": 56, "num_statements": 62, "percent_covered": 90.3225806451613, "percent_covered_display": "90", "missing_lines": 6, "excluded_lines": 0, "percent_statements_covered": 90.3225806451613, "percent_statements_covered_display": "90"}, "missing_lines": [18, 21, 32, 57, 98, 223], "excluded_lines": [], "functions": {"CreateMealTemplate": {"executed_lines": [16, 17, 20, 23, 31, 34, 36, 47, 48, 56, 59, 82], "summary": {"covered_lines": 12, "num_statements": 16, "percent_covered": 75.0, "percent_covered_display": "75", "missing_lines": 4, "excluded_lines": 0, "percent_statements_covered": 75.0, "percent_statements_covered_display": "75"}, "missing_lines": [18, 21, 32, 57], "excluded_lines": []}, "GetMealTemplate": {"executed_lines": [86, 97, 100, 121, 127, 142], "summary": {"covered_lines": 6, "num_statements": 7, "percent_covered": 85.71428571428571, "percent_covered_display": "86", "missing_lines": 1, "excluded_lines": 0, "percent_statements_covered": 85.71428571428571, "percent_statements_covered_display": "86"}, "missing_lines": [98], "excluded_lines": []}, "GetMealTemplates": {"executed_lines": [146, 159, 160, 162, 163, 164, 185, 186, 187, 198, 200, 201, 202, 207, 208, 210], "summary": {"covered_lines": 16, "num_statements": 16, "percent_covered": 100.0, "percent_covered_display": "100", "missing_lines": 0, "excluded_lines": 0, "percent_statements_covered": 100.0, "percent_statements_covered_display": "100"}, "missing_lines": [], "excluded_lines": []}, "DeleteMealTemplate": {"executed_lines": [214, 222, 225], "summary": {"covered_lines": 3, "num_statements": 4, "percent_covered": 75.0, "percent_covered_display": "75", "missing_lines": 1, "excluded_lines": 0, "percent_statements_covered": 75.0, "percent_statements_covered_display": "75"}, "missing_lines": [223], "excluded_lines": []}, "ApplyMealTemplate": {"executed_lines": [232, 233, 234, 235, 237, 238, 239, 250, 251, 253], "summary": {"covered_lines": 10, "num_statements": 10, "percent_covered": 100.0, "percent_covered_display": "100", "missing_lines": 0, "excluded_lines": 0, "percent_statements_covered": 100.0, "percent_statements_covered_display": "100"}, "missing_lines": [], "excluded_lines": []}, "": {"executed_lines": [1, 3, 11, 12, 15, 85, 145, 213, 231], "summary": {"covered_lines": 9, "num_statements": 9, "percent_covered": 100.0, "percent_covered_display": "100", "missing_lines": 0, "excluded_lines": 0, "percent_statements_covered": 100.0, "percent_statements_covered_display": "100"}, "missing_lines": [], "excluded_lines": []}}, "classes": {"": {"executed_lines": [1, 3, 11, 12, 15, 16, 17, 20, 23, 31, 34, 36, 47, 48, 56, 59, 82, 85, 86, 97, 100, 121, 127, 142, 145, 146, 159, 160, 162, 163, 164, 185, 186, 187, 198, 200, 201, 202, 207, 208, 210, 213, 214, 222, 225, 231, 232, 233, 234, 235, 237, 238, 239, 250, 251, 253], "summary": {"covered_lines": 56, "num_statements": 62, "percent_covered": 90.3225806451613, "percent_covered_display": "90", "missing_lines": 6, "excluded_lines": 0, "percent_statements_covered": 90.3225806451613, "percent_statements_covered_display": "90"}, "missing_lines": [18, 21, 32, 57, 98, 223], "excluded_lines": []}}}, "app/services/schedule_service.py": {"executed_lines": [1, 2, 4, 5, 7, 10, 11, 12, 13, 14, 17, 18, 33, 34, 35, 44, 47, 48, 52, 53, 55, 56, 57, 58, 60, 61, 62, 81, 83, 84, 104, 106, 107, 108, 109, 120, 128], "summary": {"covered_lines": 37, "num_statements": 38, "percent_covered": 97.36842105263158, "percent_covered_display": "97", "missing_lines": 1, "excluded_lines": 0, "percent_statements_covered": 97.36842105263158, "percent_statements_covered_display": "97"}, "missing_lines": [59], "excluded_lines": [], "functions": {"NormalizeSlotTime": {"executed_lines": [11, 12, 13, 14], "summary": {"covered_lines": 4, "num_statements": 4, "percent_covered": 100.0, "percent_covered_display": "100", "missing_lines": 0, "excluded_lines": 0, "percent_statements_covered": 100.0, "percent_statements_covered_display": "100"}, "missing_lines": [], "excluded_lines": []}, "GetScheduleSlots": {"executed_lines": [18, 33, 34, 35, 44], "summary": {"covered_lines": 5, "num_statements": 5, "percent_covered": 100.0, "percent_covered_display": "100", "missing_lines": 0, "excluded_lines": 0, "percent_statements_covered": 100.0, "percent_statements_covered_display": "100"}, "missing_lines": [], "excluded_lines": []}, "UpdateScheduleSlots": {"executed_lines": [48, 52, 53, 55, 56, 57, 58, 60, 61, 62, 81, 83, 84, 104, 106, 107, 108, 109, 120, 128], "summary": {"covered_lines": 20, "num_statements": 21, "percent_covered": 95.23809523809524, "percent_covered_display": "95", "missing_lines": 1, "excluded_lines": 0, "percent_statements_covered": 95.23809523809524, "percent_statements_covered_display": "95"}, "missing_lines": [59], "excluded_lines": []}, "": {"executed_lines": [1, 2, 4, 5, 7, 10, 17, 47], "summary": {"covered_lines": 8, "num_statements": 8, "percent_covered": 100.0, "percent_covered_display": "100", "missing_lines": 0, "excluded_lines": 0, "percent_statements_covered": 100.0, "percent_statements_covered_display": "100"}, "missing_lines": [], "excluded_lines": []}}, "classes": {"": {"executed_lines": [1, 2, 4, 5, 7, 10, 11, 12, 13, 14, 17, 18, 33, 34, 35, 44, 47, 48, 52, 53, 55, 56, 57, 58, 60, 61, 62, 81, 83, 84, 104, 106, 107, 108, 109, 120, 128], "summary": {"covered_lines": 37, "num_statements": 38, "percent_covered": 97.36842105263158, "percent_covered_display": "97", "missing_lines": 1, "excluded_lines": 0, "percent_statements_covered": 97.36842105263158, "percent_statements_covered_display": "97"}, "missing_lines": [59], "excluded_lines": []}}}, "app/services/settings_service.py": {"executed_lines": [1, 3, 4, 5, 6, 7, 10, 11, 12, 13, 14, 17, 18, 19, 22, 23, 24, 34, 35, 38, 39, 43, 44, 46, 47, 49, 50, 51, 52, 53, 54, 55, 56, 57, 58, 59, 60, 61, 62, 63, 64, 65, 66, 68, 69, 74], "summary": {"covered_lines": 46, "num_statements": 48, "percent_covered": 95.83333333333333, "percent_covered_display": "96", "missing_lines": 2, "excluded_lines": 0, "percent_statements_covered": 95.83333333333333, "percent_statements_covered_display": "96"}, "missing_lines": [15, 16], "excluded_lines": [], "functions": {"ParseTodayLayout": {"executed_lines": [11, 12, 13, 14, 17, 18, 19], "summary": {"covered_lines": 7, "num_statements": 9, "percent_covered": 77.77777777777777, "percent_covered_display": "78", "missing_lines": 2, "excluded_lines": 0, "percent_statements_covered": 77.77777777777777, "percent_statements_covered_display": "78"}, "missing_lines": [15, 16], "excluded_lines": []}, "GetUserSettings": {"executed_lines": [23, 24, 34, 35], "summary": {"covered_lines": 4, "num_statements": 4, "percent_covered": 100.0, "percent_covered_display": "100", "missing_lines": 0, "excluded_lines": 0, "percent_statements_covered": 100.0, "percent_statements_covered_display": "100"}, "missing_lines": [], "excluded_lines": []}, "UpdateUserSettings": {"executed_lines"
[...]
cent_statements_covered": 100.0, "percent_statements_covered_display": "100"}, "missing_lines": [], "excluded_lines": [], "functions": {"GetEntriesForMealType": {"executed_lines": [19], "summary": {"covered_lines": 1, "num_statements": 1, "percent_covered": 100.0, "percent_covered_display": "100", "missing_lines": 0, "excluded_lines": 0, "percent_statements_covered": 100.0, "percent_statements_covered_display": "100"}, "missing_lines": [], "excluded_lines": []}, "SumCalories": {"executed_lines": [23], "summary": {"covered_lines": 1, "num_statements": 1, "percent_covered": 100.0, "percent_covered_display": "100", "missing_lines": 0, "excluded_lines": 0, "percent_statements_covered": 100.0, "percent_statements_covered_display": "100"}, "missing_lines": [], "excluded_lines": []}, "SumProtein": {"executed_lines": [27], "summary": {"covered_lines": 1, "num_statements": 1, "percent_covered": 100.0, "percent_covered_display": "100", "missing_lines": 0, "excluded_lines": 0, "percent_statements_covered": 100.0, "percent_statements_covered_display": "100"}, "missing_lines": [], "excluded_lines": []}, "BuildLowProteinMorningSuggestion": {"executed_lines": [31, 32, 33, 35, 36, 37, 39], "summary": {"covered_lines": 7, "num_statements": 7, "percent_covered": 100.0, "percent_covered_display": "100", "missing_lines": 0, "excluded_lines": 0, "percent_statements_covered": 100.0, "percent_statements_covered_display": "100"}, "missing_lines": [], "excluded_lines": []}, "BuildHighCalorieSnackSuggestion": {"executed_lines": [47, 52, 53, 55, 56, 57, 59], "summary": {"covered_lines": 7, "num_statements": 7, "percent_covered": 100.0, "percent_covered_display": "100", "missing_lines": 0, "excluded_lines": 0, "percent_statements_covered": 100.0, "percent_statements_covered_display": "100"}, "missing_lines": [], "excluded_lines": []}, "BuildMissedMealsSuggestion": {"executed_lines": [67, 73, 74, 76, 78], "summary": {"covered_lines": 5, "num_statements": 5, "percent_covered": 100.0, "percent_covered_display": "100", "missing_lines": 0, "excluded_lines": 0, "percent_statements_covered": 100.0, "percent_statements_covered_display": "100"}, "missing_lines": [], "excluded_lines": []}, "BuildRepeatedSnackSuggestion": {"executed_lines": [86, 88, 89, 95, 96, 97, 98, 99, 101, 102, 104, 105, 106, 107, 109, 110, 112, 114], "summary": {"covered_lines": 18, "num_statements": 18, "percent_covered": 100.0, "percent_covered_display": "100", "missing_lines": 0, "excluded_lines": 0, "percent_statements_covered": 100.0, "percent_statements_covered_display": "100"}, "missing_lines": [], "excluded_lines": []}, "BuildSuggestions": {"executed_lines": [122, 124, 131, 132, 133, 135], "summary": {"covered_lines": 6, "num_statements": 6, "percent_covered": 100.0, "percent_covered_display": "100", "missing_lines": 0, "excluded_lines": 0, "percent_statements_covered": 100.0, "percent_statements_covered_display": "100"}, "missing_lines": [], "excluded_lines": []}, "BuildMealBuckets": {"executed_lines": [139, 147, 148, 150, 151, 153], "summary": {"covered_lines": 6, "num_statements": 6, "percent_covered": 100.0, "percent_covered_display": "100", "missing_lines": 0, "excluded_lines": 0, "percent_statements_covered": 100.0, "percent_statements_covered_display": "100"}, "missing_lines": [], "excluded_lines": []}, "": {"executed_lines": [1, 3, 11, 18, 22, 26, 30, 46, 66, 85, 121, 138], "summary": {"covered_lines": 12, "num_statements": 12, "percent_covered": 100.0, "percent_covered_display": "100", "missing_lines": 0, "excluded_lines": 0, "percent_statements_covered": 100.0, "percent_statements_covered_display": "100"}, "missing_lines": [], "excluded_lines": []}}, "classes": {"": {"executed_lines": [1, 3, 11, 18, 19, 22, 23, 26, 27, 30, 31, 32, 33, 35, 36, 37, 39, 46, 47, 52, 53, 55, 56, 57, 59, 66, 67, 73, 74, 76, 78, 85, 86, 88, 89, 95, 96, 97, 98, 99, 101, 102, 104, 105, 106, 107, 109, 110, 112, 114, 121, 122, 124, 131, 132, 133, 135, 138, 139, 147, 148, 150, 151, 153], "summary": {"covered_lines": 64, "num_statements": 64, "percent_covered": 100.0, "percent_covered_display": "100", "missing_lines": 0, "excluded_lines": 0, "percent_statements_covered": 100.0, "percent_statements_covered_display": "100"}, "missing_lines": [], "excluded_lines": []}}}, "app/services/summary_service.py": {"executed_lines": [1, 2, 3, 4, 7, 8, 24, 49, 50, 51, 64, 66, 67, 69, 70, 71, 72, 73, 79, 81], "summary": {"covered_lines": 20, "num_statements": 20, "percent_covered": 100.0, "percent_covered_display": "100", "missing_lines": 0, "excluded_lines": 0, "percent_statements_covered": 100.0, "percent_statements_covered_display": "100"}, "missing_lines": [], "excluded_lines": [], "functions": {"GetWeeklySummary": {"executed_lines": [8, 24, 49, 50, 51, 64, 66, 67, 69, 70, 71, 72, 73, 79, 81], "summary": {"covered_lines": 15, "num_statements": 15, "percent_covered": 100.0, "percent_covered_display": "100", "missing_lines": 0, "excluded_lines": 0, "percent_statements_covered": 100.0, "percent_statements_covered_display": "100"}, "missing_lines": [], "excluded_lines": []}, "": {"executed_lines": [1, 2, 3, 4, 7], "summary": {"covered_lines": 5, "num_statements": 5, "percent_covered": 100.0, "percent_covered_display": "100", "missing_lines": 0, "excluded_lines": 0, "percent_statements_covered": 100.0, "percent_statements_covered_display": "100"}, "missing_lines": [], "excluded_lines": []}}, "classes": {"": {"executed_lines": [1, 2, 3, 4, 7, 8, 24, 49, 50, 51, 64, 66, 67, 69, 70, 71, 72, 73, 79, 81], "summary": {"covered_lines": 20, "num_statements": 20, "percent_covered": 100.0, "percent_covered_display": "100", "missing_lines": 0, "excluded_lines": 0, "percent_statements_covered": 100.0, "percent_statements_covered_display": "100"}, "missing_lines": [], "excluded_lines": []}}}, "app/utils/__init__.py": {"executed_lines": [0], "summary": {"covered_lines": 0, "num_statements": 0, "percent_covered": 100.0, "percent_covered_display": "100", "missing_lines": 0, "excluded_lines": 0, "percent_statements_covered": 100.0, "percent_statements_covered_display": "100"}, "missing_lines": [], "excluded_lines": [], "functions": {"": {"executed_lines": [], "summary": {"covered_lines": 0, "num_statements": 0, "percent_covered": 100.0, "percent_covered_display": "100", "missing_lines": 0, "excluded_lines": 0, "percent_statements_covered": 100.0, "percent_statements_covered_display": "100"}, "missing_lines": [], "excluded_lines": []}}, "classes": {"": {"executed_lines": [], "summary": {"covered_lines": 0, "num_statements": 0, "percent_covered": 100.0, "percent_covered_display": "100", "missing_lines": 0, "excluded_lines": 0, "percent_statements_covered": 100.0, "percent_statements_covered_display": "100"}, "missing_lines": [], "excluded_lines": []}}}, "app/utils/auth.py": {"executed_lines": [1, 3, 6, 7, 10, 11], "summary": {"covered_lines": 6, "num_statements": 6, "percent_covered": 100.0, "percent_covered_display": "100", "missing_lines": 0, "excluded_lines": 0, "percent_statements_covered": 100.0, "percent_statements_covered_display": "100"}, "missing_lines": [], "excluded_lines": [], "functions": {"HashPassword": {"executed_lines": [7], "summary": {"covered_lines": 1, "num_statements": 1, "percent_covered": 100.0, "percent_covered_display": "100", "missing_lines": 0, "excluded_lines": 0, "percent_statements_covered": 100.0, "percent_statements_covered_display": "100"}, "missing_lines": [], "excluded_lines": []}, "VerifyPassword": {"executed_lines": [11], "summary": {"covered_lines": 1, "num_statements": 1, "percent_covered": 100.0, "percent_covered_display": "100", "missing_lines": 0, "excluded_lines": 0, "percent_statements_covered": 100.0, "percent_statements_covered_display": "100"}, "missing_lines": [], "excluded_lines": []}, "": {"executed_lines": [1, 3, 6, 10], "summary": {"covered_lines": 4, "num_statements": 4, "percent_covered": 100.0, "percent_covered_display": "100", "missing_lines": 0, "excluded_lines": 0, "percent_statements_covered": 100.0, "percent_statements_covered_display": "100"}, "missing_lines": [], "excluded_lines": []}}, "classes": {"": {"executed_lines": [1, 3, 6, 7, 10, 11], "summary": {"covered_lines": 6, "num_statements": 6, "percent_covered": 100.0, "percent_covered_display": "100", "missing_lines": 0, "excluded_lines": 0, "percent_statements_covered": 100.0, "percent_statements_covered_display": "100"}, "missing_lines": [], "excluded_lines": []}}}, "app/utils/database.py": {"executed_lines": [1, 2, 3, 5, 7, 10, 12, 13, 14, 15, 19, 20, 21, 24, 25, 26, 27, 30, 31, 32, 33, 36, 37, 38, 39, 40, 43, 44, 45, 46, 47, 48, 49], "summary": {"covered_lines": 33, "num_statements": 33, "percent_covered": 100.0, "percent_covered_display": "100", "missing_lines": 0, "excluded_lines": 0, "percent_statements_covered": 100.0, "percent_statements_covered_display": "100"}, "missing_lines": [], "excluded_lines": [], "functions": {"GetConnection": {"executed_lines": [12, 13, 14, 15, 19, 20, 21], "summary": {"covered_lines": 7, "num_statements": 7, "percent_covered": 100.0, "percent_covered_display": "100", "missing_lines": 0, "excluded_lines": 0, "percent_statements_covered": 100.0, "percent_statements_covered_display": "100"}, "missing_lines": [], "excluded_lines": []}, "ExecuteScript": {"executed_lines": [25, 26, 27], "summary": {"covered_lines": 3, "num_statements": 3, "percent_covered": 100.0, "percent_covered_display": "100", "missing_lines": 0, "excluded_lines": 0, "percent_statements_covered": 100.0, "percent_statements_covered_display": "100"}, "missing_lines": [], "excluded_lines": []}, "ExecuteQuery": {"executed_lines": [31, 32, 33], "summary": {"covered_lines": 3, "num_statements": 3, "percent_covered": 100.0, "percent_covered_display": "100", "missing_lines": 0, "excluded_lines": 0, "percent_statements_covered": 100.0, "percent_statements_covered_display": "100"}, "missing_lines": [], "excluded_lines": []}, "FetchAll": {"executed_lines": [37, 38, 39, 40], "summary": {"covered_lines": 4, "num_statements": 4, "percent_covered": 100.0, "percent_covered_display": "100", "missing_lines": 0, "excluded_lines": 0, "percent_statements_covered": 100.0, "percent_statements_covered_display": "100"}, "missing_lines": [], "excluded_lines": []}, "FetchOne": {"executed_lines": [44, 45, 46, 47, 48, 49], "summary": {"covered_lines": 6, "num_statements": 6, "percent_covered": 100.0, "percent_covered_display": "100", "missing_lines": 0, "excluded_lines": 0, "percent_statements_covered": 100.0, "percent_statements_covered_display": "100"}, "missing_lines": [], "excluded_lines": []}, "": {"executed_lines": [1, 2, 3, 5, 7, 10, 24, 30, 36, 43], "summary": {"covered_lines": 10, "num_statements": 10, "percent_covered": 100.0, "percent_covered_display": "100", "missing_lines": 0, "excluded_lines": 0, "percent_statements_covered": 100.0, "percent_statements_covered_display": "100"}, "missing_lines": [], "excluded_lines": []}}, "classes": {"": {"executed_lines": [1, 2, 3, 5, 7, 10, 12, 13, 14, 15, 19, 20, 21, 24, 25, 26, 27, 30, 31, 32, 33, 36, 37, 38, 39, 40, 43, 44, 45, 46, 47, 48, 49], "summary": {"covered_lines": 33, "num_statements": 33, "percent_covered": 100.0, "percent_covered_display": "100", "missing_lines": 0, "excluded_lines": 0, "percent_statements_covered": 100.0, "percent_statements_covered_display": "100"}, "missing_lines": [], "excluded_lines": []}}}, "app/utils/defaults.py": {"executed_lines": [1, 3, 11, 13], "summary": {"covered_lines": 4, "num_statements": 4, "percent_covered": 100.0, "percent_covered_display": "100", "missing_lines": 0, "excluded_lines": 0, "percent_statements_covered": 100.0, "percent_statements_covered_display": "100"}, "missing_lines": [], "excluded_lines": [], "functions": {"": {"executed_lines": [1, 3, 11, 13], "summary": {"covered_lines": 4, "num_statements": 4, "percent_covered": 100.0, "percent_covered_display": "100", "missing_lines": 0, "excluded_lines": 0, "percent_statements_covered": 100.0, "percent_statements_covered_display": "100"}, "missing_lines": [], "excluded_lines": []}}, "classes": {"": {"executed_lines": [1, 3, 11, 13], "summary": {"covered_lines": 4, "num_statements": 4, "percent_covered": 100.0, "percent_covered_display": "100", "missing_lines": 0, "excluded_lines": 0, "percent_statements_covered": 100.0, "percent_statements_covered_display": "100"}, "missing_lines": [], "excluded_lines": []}}}, "app/utils/migrations.py": {"executed_lines": [1, 3, 5, 8, 9, 10, 13, 14, 24, 25, 26, 29, 30, 31, 37, 38, 39, 40, 41, 43, 44, 46, 47], "summary": {"covered_lines": 23, "num_statements": 24, "percent_covered": 95.83333333333333, "percent_covered_display": "96", "missing_lines": 1, "excluded_lines": 0, "percent_statements_covered": 95.83333333333333, "percent_statements_covered_display": "96"}, "missing_lines": [45], "excluded_lines": [], "functions": {"GetMigrationDirectory": {"executed_lines": [9, 10], "summary": {"covered_lines": 2, "num_statements": 2, "percent_covered": 100.0, "percent_covered_display": "100", "missing_lines": 0, "excluded_lines": 0, "percent_statements_covered": 100.0, "percent_statements_covered_display": "100"}, "missing_lines": [], "excluded_lines": []}, "EnsureMigrationTable": {"executed_lines": [14], "summary": {"covered_lines": 1, "num_statements": 1, "percent_covered": 100.0, "percent_covered_display": "100", "missing_lines": 0, "excluded_lines": 0, "percent_statements_covered": 100.0, "percent_statements_covered_display": "100"}, "missing_lines": [], "excluded_lines": []}, "GetAppliedMigrations": {"executed_lines": [25, 26], "summary": {"covered_lines": 2, "num_statements": 2, "percent_covered": 100.0, "percent_covered_display": "100", "missing_lines": 0, "excluded_lines": 0, "percent_statements_covered": 100.0, "percent_statements_covered_display": "100"}, "missing_lines": [], "excluded_lines": []}, "ApplyMigration": {"executed_lines": [30, 31], "summary": {"covered_lines": 2, "num_statements": 2, "percent_covered": 100.0, "percent_covered_display": "100", "missing_lines": 0, "excluded_lines": 0, "percent_statements_covered": 100.0, "percent_statements_covered_display": "100"}, "missing_lines": [], "excluded_lines": []}, "RunMigrations": {"executed_lines": [38, 39, 40, 41, 43, 44, 46, 47], "summary": {"covered_lines": 8, "num_statements": 9, "percent_covered": 88.88888888888889, "percent_covered_display": "89", "missing_lines": 1, "excluded_lines": 0, "percent_statements_covered": 88.88888888888889, "percent_statements_covered_display": "89"}, "missing_lines": [45], "excluded_lines": []}, "": {"executed_lines": [1, 3, 5, 8, 13, 24, 29, 37], "summary": {"covered_lines": 8, "num_statements": 8, "percent_covered": 100.0, "percent_covered_display": "100", "missing_lines": 0, "excluded_lines": 0, "percent_statements_covered": 100.0, "percent_statements_covered_display": "100"}, "missing_lines": [], "excluded_lines": []}}, "classes": {"": {"executed_lines": [1, 3, 5, 8, 9, 10, 13, 14, 24, 25, 26, 29, 30, 31, 37, 38, 39, 40, 41, 43, 44, 46, 47], "summary": {"covered_lines": 23, "num_statements": 24, "percent_covered": 95.83333333333333, "percent_covered_display": "96", "missing_lines": 1, "excluded_lines": 0, "percent_statements_covered": 95.83333333333333, "percent_statements_covered_display": "96"}, "missing_lines": [45], "excluded_lines": []}}}, "app/utils/seed.py": {"executed_lines": [1, 2, 4, 5, 6, 7, 8, 11, 12, 13, 23, 37, 39, 62, 65, 66, 67, 68, 69, 72, 73, 107, 108, 109, 139, 140, 141, 142, 143, 144, 145, 146, 149, 150, 153, 154, 155, 156, 166, 167, 168, 169, 170, 171], "summary": {"covered_lines": 44, "num_statements": 60, "percent_covered": 73.33333333333333, "percent_covered_display": "73", "missing_lines": 16, "excluded_lines": 0, "percent_statements_covered": 73.33333333333333, "percent_statements_covered_display": "73"}, "missing_lines": [24, 35, 158, 159, 160, 161, 162, 163, 173, 174, 175, 187, 188, 189, 193, 195], "excluded_lines": [], "functions": {"EnsureAdminUser": {"executed_lines": [12, 13, 23, 37, 39, 62], "summary": {"covered_lines": 6, "num_statements": 8, "percent_covered": 75.0, "percent_covered_display": "75", "missing_lines": 2, "excluded_lines": 0, "percent_statements_covered": 75.0, "percent_statements_covered_display": "75"}, "missing_lines": [24, 35], "excluded_lines": []}, "BackfillUserIds": {"executed_lines": [66, 67, 68, 69], "summary": {"covered_lines": 4, "num_statements": 4, "percent_covered": 100.0, "percent_covered_display": "100", "missing_lines": 0, "excluded_lines": 0, "percent_statements_covered": 100.0, "percent_statements_covered_display": "100"}, "missing_lines": [], "excluded_lines": []}, "EnsureSettingsForUser": {"executed_lines": [73], "summary": {"covered_lines": 1, "num_statements": 1, "percent_covered": 100.0, "percent_covered_display": "100", "missing_lines": 0, "excluded_lines": 0, "percent_statements_covered": 100.0, "percent_statements_covered_display": "100"}, "missing_lines": [], "excluded_lines": []}, "SeedFoodsForUser": {"executed_lines": [108, 109], "summary": {"covered_lines": 2, "num_statements": 2, "percent_covered": 100.0, "percent_covered_display": "100", "missing_lines": 0, "excluded_lines": 0, "percent_statements_covered": 100.0, "percent_statements_covered_display": "100"}, "missing_lines": [], "excluded_lines": []}, "SeedDatabase": {"executed_lines": [140, 141, 142, 143, 144, 145, 146], "summary": {"covered_lines": 7, "num_statements": 7, "percent_covered": 100.0, "percent_covered_display": "100", "missing_lines": 0, "excluded_lines": 0, "percent_statements_covered": 100.0, "percent_statements_covered_display": "100"}, "missing_lines": [], "excluded_lines": []}, "ParseSeedEmails": {"executed_lines": [150], "summary": {"covered_lines": 1, "num_statements": 1, "percent_covered": 100.0, "percent_covered_display": "100", "missing_lines": 0, "excluded_lines": 0, "percent_statements_covered": 100.0, "percent_statements_covered_display": "100"}, "missing_lines": [], "excluded_lines": []}, "SeedInviteEmails": {"executed_lines": [154, 155, 156], "summary": {"covered_lines": 3, "num_statements": 9, "percent_covered": 33.333333333333336, "percent_covered_display": "33", "missing_lines": 6, "excluded_lines": 0, "percent_statements_covered": 33.333333333333336, "percent_statements_covered_display": "33"}, "missing_lines": [158, 159, 160, 161, 162, 163], "excluded_lines": []}, "SeedGoogleUsers": {"executed_lines": [167, 168, 169, 170, 171], "summary": {"covered_lines": 5, "num_statements": 13, "percent_covered": 38.46153846153846, "percent_covered_display": "38", "missing_lines": 8, "excluded_lines": 0, "percent_statements_covered": 38.46153846153846, "percent_statements_covered_display": "38"}, "missing_lines": [173, 174, 175, 187, 188, 189, 193, 195], "excluded_lines": []}, "": {"executed_lines": [1, 2, 4, 5, 6, 7, 8, 11, 65, 72, 107, 139, 149, 153, 166], "summary": {"covered_lines": 15, "num_statements": 15, "percent_covered": 100.0, "percent_covered_display": "100", "missing_lines": 0, "excluded_lines": 0, "percent_statements_covered": 100.0, "percent_statements_covered_display": "100"}, "missing_lines": [], "excluded_lines": []}}, "classes": {"": {"executed_lines": [1, 2, 4, 5, 6, 7, 8, 11, 12, 13, 23, 37, 39, 62, 65, 66, 67, 68, 69, 72, 73, 107, 108, 109, 139, 140, 141, 142, 143, 144, 145, 146, 149, 150, 153, 154, 155, 156, 166, 167, 168, 169, 170, 171], "summary": {"covered_lines": 44, "num_statements": 60, "percent_covered": 73.33333333333333, "percent_covered_display": "73", "missing_lines": 16, "excluded_lines": 0, "percent_statements_covered": 73.33333333333333, "percent_statements_covered_display": "73"}, "missing_lines": [24, 35, 158, 159, 160, 161, 162, 163, 173, 174, 175, 187, 188, 189, 193, 195], "excluded_lines": []}}}}, "totals": {"covered_lines": 1122, "num_statements": 1328, "percent_covered": 84.48795180722891, "percent_covered_display": "84", "missing_lines": 206, "excluded_lines": 0, "percent_statements_covered": 84.48795180722891, "percent_statements_covered_display": "84"}}